[    1087ms] [ERROR] Failed to load resource: the server responded with a status of 404 () @ https://www.marketscoupons.com/es/fonts/inter-latin.woff2:0
[    1319ms] [VERBOSE] [DOM] Password field is not contained in a form: (More info: https://goo.gl/9p2vKq) %o @ https://www.marketscoupons.com/es/blog?v=verify1:0
[    1320ms] [VERBOSE] [DOM] Password field is not contained in a form: (More info: https://goo.gl/9p2vKq) %o @ https://www.marketscoupons.com/es/blog?v=verify1:0
[    1320ms] [VERBOSE] [DOM] Password field is not contained in a form: (More info: https://goo.gl/9p2vKq) %o @ https://www.marketscoupons.com/es/blog?v=verify1:0
[    1323ms] [ERROR] Failed to load resource: the server responded with a status of 404 () @ https://www.marketscoupons.com/es/img/bot/Pj/max-bot-lv-v2_1.png:0
[    1324ms] [ERROR] Failed to load resource: the server responded with a status of 404 () @ https://www.marketscoupons.com/es/img/Firms/fn.png:0
[    1325ms] [ERROR] Failed to load resource: the server responded with a status of 404 () @ https://www.marketscoupons.com/es/img/Firms/apex.png:0
[    1326ms] [ERROR] Failed to load resource: the server responded with a status of 404 () @ https://www.marketscoupons.com/es/img/Firms/e2t.png:0
[    1326ms] [ERROR] Failed to load resource: the server responded with a status of 404 () @ https://www.marketscoupons.com/es/img/Firms/bulenox.png:0
[    1327ms] [ERROR] Failed to load resource: the server responded with a status of 404 () @ https://www.marketscoupons.com/es/img/Firms/tpt.png:0
[    1340ms] [ERROR] Failed to load resource: the server responded with a status of 404 () @ https://www.marketscoupons.com/es/img/Firms/fundingpips.png:0
[    1341ms] [ERROR] Failed to load resource: the server responded with a status of 404 () @ https://www.marketscoupons.com/es/img/Firms/Tradeday.png:0
[    1342ms] [ERROR] Failed to load resource: the server responded with a status of 404 () @ https://www.marketscoupons.com/es/img/Firms/ftmo.png:0
[    1343ms] [ERROR] Failed to load resource: the server responded with a status of 404 () @ https://www.marketscoupons.com/es/img/Firms/cti.png:0
[    1343ms] [ERROR] Failed to load resource: the server responded with a status of 404 () @ https://www.marketscoupons.com/es/img/Firms/e8.png:0
[    1344ms] [ERROR] Failed to load resource: the server responded with a status of 404 () @ https://www.marketscoupons.com/es/img/Firms/the5ers.png:0
[    1345ms] [ERROR] Failed to load resource: the server responded with a status of 404 () @ https://www.marketscoupons.com/es/img/Firms/brightfunded.png:0
[    1345ms] [ERROR] Failed to load resource: the server responded with a status of 404 () @ https://www.marketscoupons.com/es/img/Plataformas/icone%20tradingview.png:0
[    1346ms] [ERROR] Failed to load resource: the server responded with a status of 404 () @ https://www.marketscoupons.com/es/img/Plataformas/icone%20ninjatrader.png:0
[    1347ms] [ERROR] Failed to load resource: the server responded with a status of 404 () @ https://www.marketscoupons.com/es/img/Plataformas/tradovate.png:0
[    1348ms] [ERROR] Failed to load resource: the server responded with a status of 404 () @ https://www.marketscoupons.com/es/img/Plataformas/icone%20rithmic.png:0
[    1348ms] [ERROR] Failed to load resource: the server responded with a status of 404 () @ https://www.marketscoupons.com/es/img/Plataformas/icone%20mt5.png:0
[    1349ms] [ERROR] Failed to load resource: the server responded with a status of 404 () @ https://www.marketscoupons.com/es/img/Plataformas/icone%20wealthcharts.png:0
[    1573ms] [ERROR] Failed to load resource: the server responded with a status of 404 () @ https://www.marketscoupons.com/es/img/apex-bg.webp:0
[    1578ms] [ERROR] Failed to load resource: the server responded with a status of 404 () @ https://www.marketscoupons.com/es/img/bulenox-bg.webp:0
[    1578ms] [ERROR] Failed to load resource: the server responded with a status of 404 () @ https://www.marketscoupons.com/es/img/ftmo-bg.webp:0
[    1579ms] [ERROR] Failed to load resource: the server responded with a status of 404 () @ https://www.marketscoupons.com/es/img/tpt-bg.webp:0
[    1580ms] [ERROR] Failed to load resource: the server responded with a status of 404 () @ https://www.marketscoupons.com/es/img/e2t-bg.webp:0
[    1580ms] [ERROR] Failed to load resource: the server responded with a status of 404 () @ https://www.marketscoupons.com/es/img/the5ers-bg.webp:0
[    1585ms] [ERROR] Failed to load resource: the server responded with a status of 404 () @ https://www.marketscoupons.com/es/img/fn-bg.webp:0
[    1586ms] [ERROR] Failed to load resource: the server responded with a status of 404 () @ https://www.marketscoupons.com/es/img/fundingpips-bg.webp:0
[    1587ms] [ERROR] Failed to load resource: the server responded with a status of 404 () @ https://www.marketscoupons.com/es/img/brightfunded-bg.webp:0
[    1587ms] [ERROR] Failed to load resource: the server responded with a status of 404 () @ https://www.marketscoupons.com/es/img/e8-bg.jpeg:0
[    1588ms] [ERROR] Failed to load resource: the server responded with a status of 404 () @ https://www.marketscoupons.com/es/img/tradeday-bg.png:0
[    1596ms] [ERROR] Failed to load resource: the server responded with a status of 404 () @ https://www.marketscoupons.com/es/img/cti-bg.jpeg:0
[    5056ms] [WARNING] The resource https://www.marketscoupons.com/fonts/inter-latin.woff2 was preloaded using link preload but not used within a few seconds from the window's load event. Please make sure it has an appropriate `as` value and it is preloaded intentionally. @ https://www.marketscoupons.com/es/blog?v=verify1:0
[   10379ms] [ERROR] Failed to load resource: the server responded with a status of 404 () @ https://www.marketscoupons.com/es/img/blog/fibonacci.svg:0
[   10379ms] [ERROR] Failed to load resource: the server responded with a status of 404 () @ https://www.marketscoupons.com/es/img/blog/elliott.svg:0
[   10380ms] [ERROR] Failed to load resource: the server responded with a status of 404 () @ https://www.marketscoupons.com/es/img/blog/best-prop-firms.svg:0
[   10380ms] [ERROR] Failed to load resource: the server responded with a status of 404 () @ https://www.marketscoupons.com/es/img/blog/vpa.svg:0
[   10516ms] [ERROR] Failed to load resource: the server responded with a status of 404 () @ https://www.marketscoupons.com/es/img/blog/multi-account.svg:0
[   10516ms] [ERROR] Failed to load resource: the server responded with a status of 404 () @ https://www.marketscoupons.com/es/img/blog/multi-desk.svg:0
[   10517ms] [ERROR] Failed to load resource: the server responded with a status of 404 () @ https://www.marketscoupons.com/es/img/blog/wyckoff.svg:0
[   10714ms] [ERROR] Failed to load resource: the server responded with a status of 404 () @ https://www.marketscoupons.com/es/img/Firms/bulenox.png:0
[   10715ms] [ERROR] Failed to load resource: the server responded with a status of 404 () @ https://www.marketscoupons.com/es/img/Firms/apex.png:0
[   10716ms] [ERROR] Failed to load resource: the server responded with a status of 404 () @ https://www.marketscoupons.com/es/img/Firms/e2t.png:0
[   10716ms] [ERROR] Failed to load resource: the server responded with a status of 404 () @ https://www.marketscoupons.com/es/img/Firms/Tradeday.png:0
[   10717ms] [ERROR] Failed to load resource: the server responded with a status of 404 () @ https://www.marketscoupons.com/es/img/Firms/tpt.png:0
[   10718ms] [ERROR] Failed to load resource: the server responded with a status of 404 () @ https://www.marketscoupons.com/es/img/Firms/fundingpips.png:0
[   10719ms] [ERROR] Failed to load resource: the server responded with a status of 404 () @ https://www.marketscoupons.com/es/img/Firms/brightfunded.png:0
[   10720ms] [ERROR] Failed to load resource: the server responded with a status of 404 () @ https://www.marketscoupons.com/es/img/Firms/ftmo.png:0
[   10721ms] [ERROR] Failed to load resource: the server responded with a status of 404 () @ https://www.marketscoupons.com/es/img/Firms/the5ers.png:0
[   10722ms] [ERROR] Failed to load resource: the server responded with a status of 404 () @ https://www.marketscoupons.com/es/img/Firms/e8.png:0
[   10725ms] [ERROR] Failed to load resource: the server responded with a status of 404 () @ https://www.marketscoupons.com/es/img/Firms/cti.png:0
[   10750ms] [ERROR] Failed to load resource: the server responded with a status of 404 () @ https://www.marketscoupons.com/es/img/Firms/fn.png:0
[   11767ms] [ERROR] Failed to load resource: the server responded with a status of 404 () @ https://www.marketscoupons.com/es/img/Firms/bulenox.png:0
[   11768ms] [ERROR] Failed to load resource: the server responded with a status of 404 () @ https://www.marketscoupons.com/es/img/Firms/the5ers.png:0
[   11769ms] [ERROR] Failed to load resource: the server responded with a status of 404 () @ https://www.marketscoupons.com/es/img/Firms/ftmo.png:0
[   11769ms] [ERROR] Failed to load resource: the server responded with a status of 404 () @ https://www.marketscoupons.com/es/img/Firms/e2t.png:0
[   11770ms] [ERROR] Failed to load resource: the server responded with a status of 404 () @ https://www.marketscoupons.com/es/img/Firms/Tradeday.png:0
[   11770ms] [ERROR] Failed to load resource: the server responded with a status of 404 () @ https://www.marketscoupons.com/es/img/Firms/fn.png:0
[   11771ms] [ERROR] Failed to load resource: the server responded with a status of 404 () @ https://www.marketscoupons.com/es/img/Firms/apex.png:0
[   11771ms] [ERROR] Failed to load resource: the server responded with a status of 404 () @ https://www.marketscoupons.com/es/img/Firms/fundingpips.png:0
[   11772ms] [ERROR] Failed to load resource: the server responded with a status of 404 () @ https://www.marketscoupons.com/es/img/Firms/e8.png:0
[   11772ms] [ERROR] Failed to load resource: the server responded with a status of 404 () @ https://www.marketscoupons.com/es/img/Firms/brightfunded.png:0
[   11772ms] [ERROR] Failed to load resource: the server responded with a status of 404 () @ https://www.marketscoupons.com/es/img/Firms/cti.png:0
[   11773ms] [ERROR] Failed to load resource: the server responded with a status of 404 () @ https://www.marketscoupons.com/es/img/Firms/tpt.png:0
[   19774ms] [WARNING] The resource https://www.marketscoupons.com/fonts/inter-latin.woff2 was preloaded using link preload but not used within a few seconds from the window's load event. Please make sure it has an appropriate `as` value and it is preloaded intentionally. @ https://www.marketscoupons.com/es/blog?v=verify1:0
[   34675ms] [WARNING] The resource https://www.marketscoupons.com/fonts/inter-latin.woff2 was preloaded using link preload but not used within a few seconds from the window's load event. Please make sure it has an appropriate `as` value and it is preloaded intentionally. @ https://www.marketscoupons.com/es/blog?v=verify1:0
[   39387ms] [WARNING] The resource https://www.marketscoupons.com/fonts/inter-latin.woff2 was preloaded using link preload but not used within a few seconds from the window's load event. Please make sure it has an appropriate `as` value and it is preloaded intentionally. @ https://www.marketscoupons.com/es/blog?v=verify1:0
[   65239ms] [WARNING] The resource https://www.marketscoupons.com/fonts/inter-latin.woff2 was preloaded using link preload but not used within a few seconds from the window's load event. Please make sure it has an appropriate `as` value and it is preloaded intentionally. @ https://www.marketscoupons.com/es/blog?v=verify1:0
[   69599ms] [WARNING] The resource https://www.marketscoupons.com/fonts/inter-latin.woff2 was preloaded using link preload but not used within a few seconds from the window's load event. Please make sure it has an appropriate `as` value and it is preloaded intentionally. @ https://www.marketscoupons.com/es/blog?v=verify1:0
[   94879ms] [WARNING] The resource https://www.marketscoupons.com/fonts/inter-latin.woff2 was preloaded using link preload but not used within a few seconds from the window's load event. Please make sure it has an appropriate `as` value and it is preloaded intentionally. @ https://www.marketscoupons.com/es/blog?v=verify1:0
[   99591ms] [WARNING] The resource https://www.marketscoupons.com/fonts/inter-latin.woff2 was preloaded using link preload but not used within a few seconds from the window's load event. Please make sure it has an appropriate `as` value and it is preloaded intentionally. @ https://www.marketscoupons.com/es/blog?v=verify1:0
[  124752ms] [WARNING] The resource https://www.marketscoupons.com/fonts/inter-latin.woff2 was preloaded using link preload but not used within a few seconds from the window's load event. Please make sure it has an appropriate `as` value and it is preloaded intentionally. @ https://www.marketscoupons.com/es/blog?v=verify1:0
[  129823ms] [WARNING] The resource https://www.marketscoupons.com/fonts/inter-latin.woff2 was preloaded using link preload but not used within a few seconds from the window's load event. Please make sure it has an appropriate `as` value and it is preloaded intentionally. @ https://www.marketscoupons.com/es/blog?v=verify1:0
[  154631ms] [WARNING] The resource https://www.marketscoupons.com/fonts/inter-latin.woff2 was preloaded using link preload but not used within a few seconds from the window's load event. Please make sure it has an appropriate `as` value and it is preloaded intentionally. @ https://www.marketscoupons.com/es/blog?v=verify1:0
[  159592ms] [WARNING] The resource https://www.marketscoupons.com/fonts/inter-latin.woff2 was preloaded using link preload but not used within a few seconds from the window's load event. Please make sure it has an appropriate `as` value and it is preloaded intentionally. @ https://www.marketscoupons.com/es/blog?v=verify1:0
