[      74ms] [WARNING] track insert error: TypeError: Failed to fetch @ https://browser.sentry-cdn.com/8.50.0/bundle.tracing.min.js:1
[      75ms] [WARNING] track insert error: TypeError: Failed to fetch @ https://browser.sentry-cdn.com/8.50.0/bundle.tracing.min.js:1
[     293ms] [VERBOSE] [DOM] Password field is not contained in a form: (More info: https://goo.gl/9p2vKq) %o @ https://www.marketscoupons.com/es/blog?v=verify3:0
[     293ms] [VERBOSE] [DOM] Password field is not contained in a form: (More info: https://goo.gl/9p2vKq) %o @ https://www.marketscoupons.com/es/blog?v=verify3:0
[     293ms] [VERBOSE] [DOM] Password field is not contained in a form: (More info: https://goo.gl/9p2vKq) %o @ https://www.marketscoupons.com/es/blog?v=verify3:0
[     298ms] [ERROR] Failed to load resource: the server responded with a status of 404 () @ https://www.marketscoupons.com/es/img/bot/Pj/max-bot-lv-v2_1.png:0
[     326ms] [ERROR] Failed to load resource: the server responded with a status of 404 () @ https://www.marketscoupons.com/es/img/Firms/apex.png:0
[     328ms] [ERROR] Failed to load resource: the server responded with a status of 404 () @ https://www.marketscoupons.com/es/img/Firms/bulenox.png:0
[     329ms] [ERROR] Failed to load resource: the server responded with a status of 404 () @ https://www.marketscoupons.com/es/img/Firms/e2t.png:0
[     330ms] [ERROR] Failed to load resource: the server responded with a status of 404 () @ https://www.marketscoupons.com/es/img/Firms/fn.png:0
[     332ms] [ERROR] Failed to load resource: the server responded with a status of 404 () @ https://www.marketscoupons.com/es/img/Firms/tpt.png:0
[     334ms] [ERROR] Failed to load resource: the server responded with a status of 404 () @ https://www.marketscoupons.com/es/img/Firms/cti.png:0
[     335ms] [ERROR] Failed to load resource: the server responded with a status of 404 () @ https://www.marketscoupons.com/es/img/Firms/ftmo.png:0
[     336ms] [ERROR] Failed to load resource: the server responded with a status of 404 () @ https://www.marketscoupons.com/es/img/Firms/fundingpips.png:0
[     338ms] [ERROR] Failed to load resource: the server responded with a status of 404 () @ https://www.marketscoupons.com/es/img/Firms/Tradeday.png:0
[     339ms] [ERROR] Failed to load resource: the server responded with a status of 404 () @ https://www.marketscoupons.com/es/img/Firms/brightfunded.png:0
[     342ms] [ERROR] Failed to load resource: the server responded with a status of 404 () @ https://www.marketscoupons.com/es/img/Firms/e8.png:0
[     343ms] [ERROR] Failed to load resource: the server responded with a status of 404 () @ https://www.marketscoupons.com/es/img/Firms/the5ers.png:0
[    3070ms] [ERROR] Failed to load resource: the server responded with a status of 404 () @ https://www.marketscoupons.com/es/img/Firms/e2t.png:0
[    3070ms] [ERROR] Failed to load resource: the server responded with a status of 404 () @ https://www.marketscoupons.com/es/img/Firms/bulenox.png:0
[    3071ms] [ERROR] Failed to load resource: the server responded with a status of 404 () @ https://www.marketscoupons.com/es/img/Firms/fn.png:0
[    3071ms] [ERROR] Failed to load resource: the server responded with a status of 404 () @ https://www.marketscoupons.com/es/img/Firms/apex.png:0
[    3072ms] [ERROR] Failed to load resource: the server responded with a status of 404 () @ https://www.marketscoupons.com/es/img/Firms/cti.png:0
[    3072ms] [ERROR] Failed to load resource: the server responded with a status of 404 () @ https://www.marketscoupons.com/es/img/Firms/fundingpips.png:0
[    3073ms] [ERROR] Failed to load resource: the server responded with a status of 404 () @ https://www.marketscoupons.com/es/img/Firms/Tradeday.png:0
[    3074ms] [ERROR] Failed to load resource: the server responded with a status of 404 () @ https://www.marketscoupons.com/es/img/Firms/ftmo.png:0
[    3075ms] [ERROR] Failed to load resource: the server responded with a status of 404 () @ https://www.marketscoupons.com/es/img/Firms/e8.png:0
[    3076ms] [ERROR] Failed to load resource: the server responded with a status of 404 () @ https://www.marketscoupons.com/es/img/Firms/the5ers.png:0
[    3077ms] [ERROR] Failed to load resource: the server responded with a status of 404 () @ https://www.marketscoupons.com/es/img/Firms/brightfunded.png:0
[    3105ms] [ERROR] Failed to load resource: the server responded with a status of 404 () @ https://www.marketscoupons.com/es/img/Firms/tpt.png:0
[    3793ms] [ERROR] Failed to load resource: the server responded with a status of 404 () @ https://www.marketscoupons.com/es/img/Firms/bulenox.png:0
[    3807ms] [ERROR] Failed to load resource: the server responded with a status of 404 () @ https://www.marketscoupons.com/es/img/Firms/e2t.png:0
[    3808ms] [ERROR] Failed to load resource: the server responded with a status of 404 () @ https://www.marketscoupons.com/es/img/Firms/the5ers.png:0
[    3809ms] [ERROR] Failed to load resource: the server responded with a status of 404 () @ https://www.marketscoupons.com/es/img/Firms/ftmo.png:0
[    3810ms] [ERROR] Failed to load resource: the server responded with a status of 404 () @ https://www.marketscoupons.com/es/img/Firms/Tradeday.png:0
[    3810ms] [ERROR] Failed to load resource: the server responded with a status of 404 () @ https://www.marketscoupons.com/es/img/Firms/fundingpips.png:0
[    3811ms] [ERROR] Failed to load resource: the server responded with a status of 404 () @ https://www.marketscoupons.com/es/img/Firms/fn.png:0
[    3812ms] [ERROR] Failed to load resource: the server responded with a status of 404 () @ https://www.marketscoupons.com/es/img/Firms/tpt.png:0
[    3813ms] [ERROR] Failed to load resource: the server responded with a status of 404 () @ https://www.marketscoupons.com/es/img/Firms/apex.png:0
[    3814ms] [ERROR] Failed to load resource: the server responded with a status of 404 () @ https://www.marketscoupons.com/es/img/Firms/brightfunded.png:0
[    3814ms] [ERROR] Failed to load resource: the server responded with a status of 404 () @ https://www.marketscoupons.com/es/img/Firms/cti.png:0
[    3815ms] [ERROR] Failed to load resource: the server responded with a status of 404 () @ https://www.marketscoupons.com/es/img/Firms/e8.png:0
