[     480ms] [INFO] Loading the script 'https://brightfunded.com/dkl6/' violates the following Content Security Policy directive: "script-src 'unsafe-inline' 'unsafe-eval'". Note that 'script-src-elem' was not explicitly set, so 'script-src' is used as a fallback. The policy is report-only, so the violation has been logged but no further action has been taken. @ https://brightfunded.com/:8
[     498ms] [INFO] Loading the script 'https://tm.brightfunded.com/91bv7mipmxxcy.js?ev7ly9gw=aWQ9R1RNLVdNSDVXVktC&page=2' violates the following Content Security Policy directive: "script-src 'unsafe-inline' 'unsafe-eval'". Note that 'script-src-elem' was not explicitly set, so 'script-src' is used as a fallback. The policy is report-only, so the violation has been logged but no further action has been taken. @ https://brightfunded.com/:17
[     499ms] [INFO] Loading the script 'https://widget.trustpilot.com/bootstrap/v5/tp.widget.bootstrap.min.js' violates the following Content Security Policy directive: "script-src 'unsafe-inline' 'unsafe-eval'". Note that 'script-src-elem' was not explicitly set, so 'script-src' is used as a fallback. The policy is report-only, so the violation has been logged but no further action has been taken. @ https://brightfunded.com/:0
[     499ms] [INFO] Loading the script 'https://widget.trustpilot.com/bootstrap/v5/tp.widget.bootstrap.min.js' violates the following Content Security Policy directive: "script-src 'unsafe-inline' 'unsafe-eval'". Note that 'script-src-elem' was not explicitly set, so 'script-src' is used as a fallback. The policy is report-only, so the violation has been logged but no further action has been taken. @ https://brightfunded.com/:0
[    2677ms] [WARNING] Caught a recoverable error. The site is still functional, but might have some UI flickering or degraded page load performance. If you are the author of this website, update external components and check recently added custom code or code overrides to fix the following server/client mismatches:
 Error: Minified React error #419; visit https://reactjs.org/docs/error-decoder.html?invariant=419 for the full message or use the non-minified dev environment for full errors and additional helpful warnings.
    at ns (https://framerusercontent.com/sites/3w9E43ZrbHD9BWyTMiZxyG/react.Dm6MiniR.mjs:8:8695)
    at $o (https://framerusercontent.com/sites/3w9E43ZrbHD9BWyTMiZxyG/react.Dm6MiniR.mjs:8:7196)
    at cp (https://framerusercontent.com/sites/3w9E43ZrbHD9BWyTMiZxyG/react.Dm6MiniR.mjs:8:68482)
    at $s (https://framerusercontent.com/sites/3w9E43ZrbHD9BWyTMiZxyG/react.Dm6MiniR.mjs:8:37073)
    at Zs (https://framerusercontent.com/sites/3w9E43ZrbHD9BWyTMiZxyG/react.Dm6MiniR.mjs:8:37004)
    at Xs (https://framerusercontent.com/sites/3w9E43ZrbHD9BWyTMiZxyG/react.Dm6MiniR.mjs:8:36864)
    at Ls (https://framerusercontent.com/sites/3w9E43ZrbHD9BWyTMiZxyG/react.Dm6MiniR.mjs:8:32039)
    at wt (https://framerusercontent.com/sites/3w9E43ZrbHD9BWyTMiZxyG/react.Dm6MiniR.mjs:1:10651)
    at MessagePort.Et (https://framerusercontent.com/sites/3w9E43ZrbHD9BWyTMiZxyG/react.Dm6MiniR.mjs:1:11006) null @ https://framerusercontent.com/sites/3w9E43ZrbHD9BWyTMiZxyG/script_main.DRidpafx.mjs:0
[    2680ms] [WARNING] Caught a recoverable error. The site is still functional, but might have some UI flickering or degraded page load performance. If you are the author of this website, update external components and check recently added custom code or code overrides to fix the following server/client mismatches:
 Error: Minified React error #419; visit https://reactjs.org/docs/error-decoder.html?invariant=419 for the full message or use the non-minified dev environment for full errors and additional helpful warnings.
    at ns (https://framerusercontent.com/sites/3w9E43ZrbHD9BWyTMiZxyG/react.Dm6MiniR.mjs:8:8695)
    at $o (https://framerusercontent.com/sites/3w9E43ZrbHD9BWyTMiZxyG/react.Dm6MiniR.mjs:8:7196)
    at cp (https://framerusercontent.com/sites/3w9E43ZrbHD9BWyTMiZxyG/react.Dm6MiniR.mjs:8:68482)
    at $s (https://framerusercontent.com/sites/3w9E43ZrbHD9BWyTMiZxyG/react.Dm6MiniR.mjs:8:37073)
    at Zs (https://framerusercontent.com/sites/3w9E43ZrbHD9BWyTMiZxyG/react.Dm6MiniR.mjs:8:37004)
    at Xs (https://framerusercontent.com/sites/3w9E43ZrbHD9BWyTMiZxyG/react.Dm6MiniR.mjs:8:36864)
    at Ls (https://framerusercontent.com/sites/3w9E43ZrbHD9BWyTMiZxyG/react.Dm6MiniR.mjs:8:32039)
    at wt (https://framerusercontent.com/sites/3w9E43ZrbHD9BWyTMiZxyG/react.Dm6MiniR.mjs:1:10651)
    at MessagePort.Et (https://framerusercontent.com/sites/3w9E43ZrbHD9BWyTMiZxyG/react.Dm6MiniR.mjs:1:11006) null @ https://framerusercontent.com/sites/3w9E43ZrbHD9BWyTMiZxyG/script_main.DRidpafx.mjs:0
[    2680ms] [WARNING] Caught a recoverable error. The site is still functional, but might have some UI flickering or degraded page load performance. If you are the author of this website, update external components and check recently added custom code or code overrides to fix the following server/client mismatches:
 Error: Minified React error #419; visit https://reactjs.org/docs/error-decoder.html?invariant=419 for the full message or use the non-minified dev environment for full errors and additional helpful warnings.
    at ns (https://framerusercontent.com/sites/3w9E43ZrbHD9BWyTMiZxyG/react.Dm6MiniR.mjs:8:8695)
    at $o (https://framerusercontent.com/sites/3w9E43ZrbHD9BWyTMiZxyG/react.Dm6MiniR.mjs:8:7196)
    at cp (https://framerusercontent.com/sites/3w9E43ZrbHD9BWyTMiZxyG/react.Dm6MiniR.mjs:8:68482)
    at $s (https://framerusercontent.com/sites/3w9E43ZrbHD9BWyTMiZxyG/react.Dm6MiniR.mjs:8:37073)
    at Zs (https://framerusercontent.com/sites/3w9E43ZrbHD9BWyTMiZxyG/react.Dm6MiniR.mjs:8:37004)
    at Xs (https://framerusercontent.com/sites/3w9E43ZrbHD9BWyTMiZxyG/react.Dm6MiniR.mjs:8:36864)
    at Ls (https://framerusercontent.com/sites/3w9E43ZrbHD9BWyTMiZxyG/react.Dm6MiniR.mjs:8:32039)
    at wt (https://framerusercontent.com/sites/3w9E43ZrbHD9BWyTMiZxyG/react.Dm6MiniR.mjs:1:10651)
    at MessagePort.Et (https://framerusercontent.com/sites/3w9E43ZrbHD9BWyTMiZxyG/react.Dm6MiniR.mjs:1:11006) null @ https://framerusercontent.com/sites/3w9E43ZrbHD9BWyTMiZxyG/script_main.DRidpafx.mjs:0
[    2680ms] [WARNING] Caught a recoverable error. The site is still functional, but might have some UI flickering or degraded page load performance. If you are the author of this website, update external components and check recently added custom code or code overrides to fix the following server/client mismatches:
 Error: Minified React error #419; visit https://reactjs.org/docs/error-decoder.html?invariant=419 for the full message or use the non-minified dev environment for full errors and additional helpful warnings.
    at ns (https://framerusercontent.com/sites/3w9E43ZrbHD9BWyTMiZxyG/react.Dm6MiniR.mjs:8:8695)
    at $o (https://framerusercontent.com/sites/3w9E43ZrbHD9BWyTMiZxyG/react.Dm6MiniR.mjs:8:7196)
    at cp (https://framerusercontent.com/sites/3w9E43ZrbHD9BWyTMiZxyG/react.Dm6MiniR.mjs:8:68482)
    at $s (https://framerusercontent.com/sites/3w9E43ZrbHD9BWyTMiZxyG/react.Dm6MiniR.mjs:8:37073)
    at Zs (https://framerusercontent.com/sites/3w9E43ZrbHD9BWyTMiZxyG/react.Dm6MiniR.mjs:8:37004)
    at Xs (https://framerusercontent.com/sites/3w9E43ZrbHD9BWyTMiZxyG/react.Dm6MiniR.mjs:8:36864)
    at Ls (https://framerusercontent.com/sites/3w9E43ZrbHD9BWyTMiZxyG/react.Dm6MiniR.mjs:8:32039)
    at wt (https://framerusercontent.com/sites/3w9E43ZrbHD9BWyTMiZxyG/react.Dm6MiniR.mjs:1:10651)
    at MessagePort.Et (https://framerusercontent.com/sites/3w9E43ZrbHD9BWyTMiZxyG/react.Dm6MiniR.mjs:1:11006) null @ https://framerusercontent.com/sites/3w9E43ZrbHD9BWyTMiZxyG/script_main.DRidpafx.mjs:0
[    2680ms] [WARNING] Caught a recoverable error. The site is still functional, but might have some UI flickering or degraded page load performance. If you are the author of this website, update external components and check recently added custom code or code overrides to fix the following server/client mismatches:
 Error: Minified React error #419; visit https://reactjs.org/docs/error-decoder.html?invariant=419 for the full message or use the non-minified dev environment for full errors and additional helpful warnings.
    at ns (https://framerusercontent.com/sites/3w9E43ZrbHD9BWyTMiZxyG/react.Dm6MiniR.mjs:8:8695)
    at $o (https://framerusercontent.com/sites/3w9E43ZrbHD9BWyTMiZxyG/react.Dm6MiniR.mjs:8:7196)
    at cp (https://framerusercontent.com/sites/3w9E43ZrbHD9BWyTMiZxyG/react.Dm6MiniR.mjs:8:68482)
    at $s (https://framerusercontent.com/sites/3w9E43ZrbHD9BWyTMiZxyG/react.Dm6MiniR.mjs:8:37073)
    at Zs (https://framerusercontent.com/sites/3w9E43ZrbHD9BWyTMiZxyG/react.Dm6MiniR.mjs:8:37004)
    at Xs (https://framerusercontent.com/sites/3w9E43ZrbHD9BWyTMiZxyG/react.Dm6MiniR.mjs:8:36864)
    at Ls (https://framerusercontent.com/sites/3w9E43ZrbHD9BWyTMiZxyG/react.Dm6MiniR.mjs:8:32039)
    at wt (https://framerusercontent.com/sites/3w9E43ZrbHD9BWyTMiZxyG/react.Dm6MiniR.mjs:1:10651)
    at MessagePort.Et (https://framerusercontent.com/sites/3w9E43ZrbHD9BWyTMiZxyG/react.Dm6MiniR.mjs:1:11006) null @ https://framerusercontent.com/sites/3w9E43ZrbHD9BWyTMiZxyG/script_main.DRidpafx.mjs:0
[    2680ms] [WARNING] Caught a recoverable error. The site is still functional, but might have some UI flickering or degraded page load performance. If you are the author of this website, update external components and check recently added custom code or code overrides to fix the following server/client mismatches:
 Error: Minified React error #419; visit https://reactjs.org/docs/error-decoder.html?invariant=419 for the full message or use the non-minified dev environment for full errors and additional helpful warnings.
    at ns (https://framerusercontent.com/sites/3w9E43ZrbHD9BWyTMiZxyG/react.Dm6MiniR.mjs:8:8695)
    at $o (https://framerusercontent.com/sites/3w9E43ZrbHD9BWyTMiZxyG/react.Dm6MiniR.mjs:8:7196)
    at cp (https://framerusercontent.com/sites/3w9E43ZrbHD9BWyTMiZxyG/react.Dm6MiniR.mjs:8:68482)
    at $s (https://framerusercontent.com/sites/3w9E43ZrbHD9BWyTMiZxyG/react.Dm6MiniR.mjs:8:37073)
    at Zs (https://framerusercontent.com/sites/3w9E43ZrbHD9BWyTMiZxyG/react.Dm6MiniR.mjs:8:37004)
    at Xs (https://framerusercontent.com/sites/3w9E43ZrbHD9BWyTMiZxyG/react.Dm6MiniR.mjs:8:36864)
    at Ls (https://framerusercontent.com/sites/3w9E43ZrbHD9BWyTMiZxyG/react.Dm6MiniR.mjs:8:32039)
    at wt (https://framerusercontent.com/sites/3w9E43ZrbHD9BWyTMiZxyG/react.Dm6MiniR.mjs:1:10651)
    at MessagePort.Et (https://framerusercontent.com/sites/3w9E43ZrbHD9BWyTMiZxyG/react.Dm6MiniR.mjs:1:11006) null @ https://framerusercontent.com/sites/3w9E43ZrbHD9BWyTMiZxyG/script_main.DRidpafx.mjs:0
[    2680ms] [WARNING] Caught a recoverable error. The site is still functional, but might have some UI flickering or degraded page load performance. If you are the author of this website, update external components and check recently added custom code or code overrides to fix the following server/client mismatches:
 Error: Minified React error #419; visit https://reactjs.org/docs/error-decoder.html?invariant=419 for the full message or use the non-minified dev environment for full errors and additional helpful warnings.
    at ns (https://framerusercontent.com/sites/3w9E43ZrbHD9BWyTMiZxyG/react.Dm6MiniR.mjs:8:8695)
    at $o (https://framerusercontent.com/sites/3w9E43ZrbHD9BWyTMiZxyG/react.Dm6MiniR.mjs:8:7196)
    at cp (https://framerusercontent.com/sites/3w9E43ZrbHD9BWyTMiZxyG/react.Dm6MiniR.mjs:8:68482)
    at $s (https://framerusercontent.com/sites/3w9E43ZrbHD9BWyTMiZxyG/react.Dm6MiniR.mjs:8:37073)
    at Zs (https://framerusercontent.com/sites/3w9E43ZrbHD9BWyTMiZxyG/react.Dm6MiniR.mjs:8:37004)
    at Xs (https://framerusercontent.com/sites/3w9E43ZrbHD9BWyTMiZxyG/react.Dm6MiniR.mjs:8:36864)
    at Ls (https://framerusercontent.com/sites/3w9E43ZrbHD9BWyTMiZxyG/react.Dm6MiniR.mjs:8:32039)
    at wt (https://framerusercontent.com/sites/3w9E43ZrbHD9BWyTMiZxyG/react.Dm6MiniR.mjs:1:10651)
    at MessagePort.Et (https://framerusercontent.com/sites/3w9E43ZrbHD9BWyTMiZxyG/react.Dm6MiniR.mjs:1:11006) null @ https://framerusercontent.com/sites/3w9E43ZrbHD9BWyTMiZxyG/script_main.DRidpafx.mjs:0
[    2978ms] [ERROR] Access to fetch at 'https://tm.brightfunded.com/g/collect?v=2&tid=G-8CGTMTS8CM&gtm=45g92e6570v9128776502z89164799725za20kzb9164799725zd9164799725&_p=1778534055776&gcs=G111&gcd=13t3t3t3t5l1&npa=0&dma=0&gdid=dY2E1Nz&ecid=1392359644&_eu=EAAAAGA&_fplc=0&are=1&cid=1826841150.1778534057&ec_mode=c&frm=0&ir=1&pscdl=noapi&rcb=16&sr=1536x864&uaa=x86&uab=64&uafvl=Google%2520Chrome%3B147.0.7727.139%7CNot.A%252FBrand%3B8.0.0.0%7CChromium%3B147.0.7727.139&uam=&uamb=0&uap=Windows&uapv=19.0.0&uaw=0&ul=pt-br&ur=BR-PR&sst.rnd=272952209.1778534057&sst.etld=google.com.br&sst.tft=1778534055776&sst.lpc=212397383&sst.navt=n&sst.ude=0&sst.sw_exp=1&gaf=2&_s=1&tag_exp=0~115938466~115938469~118463262~118494634~118719171&dp=%2Fpt%2F&sid=1778534057&sct=1&seg=0&dl=https%3A%2F%2Fbrightfunded.com%2Fpt%2F&dr=https%3A%2F%2Fbrightfunded.com%2F&dt=BrightFunded%20%7C%20A%20Melhor%20Prop%20Firm%20para%20Todo%20Trader&_tu=DA&en=page_view&_fv=1&_nsi=1&_ss=1&gap.gtb=1&evnid=1778534959153_177853450448120&ep.shop_language=&epn.event_time=1778534057&ep.consent_analytics_storage=true&ep.consent_ad_storage=true&ep.user_data._tag_mode=MANUAL&tfd=1607&richsstsse' from origin 'https://brightfunded.com' has been blocked by CORS policy: No 'Access-Control-Allow-Origin' header is present on the requested resource. @ https://brightfunded.com/pt/:0
[    2979ms] [ERROR] Failed to load resource: net::ERR_FAILED @ https://tm.brightfunded.com/g/collect?v=2&tid=G-8CGTMTS8CM&gtm=45g92e6570v9128776502z89164799725za20kzb9164799725zd9164799725&_p=1778534055776&gcs=G111&gcd=13t3t3t3t5l1&npa=0&dma=0&gdid=dY2E1Nz&ecid=1392359644&_eu=EAAAAGA&_fplc=0&are=1&cid=1826841150.1778534057&ec_mode=c&frm=0&ir=1&pscdl=noapi&rcb=16&sr=1536x864&uaa=x86&uab=64&uafvl=Google%2520Chrome%3B147.0.7727.139%7CNot.A%252FBrand%3B8.0.0.0%7CChromium%3B147.0.7727.139&uam=&uamb=0&uap=Windows&uapv=19.0.0&uaw=0&ul=pt-br&ur=BR-PR&sst.rnd=272952209.1778534057&sst.etld=google.com.br&sst.tft=1778534055776&sst.lpc=212397383&sst.navt=n&sst.ude=0&sst.sw_exp=1&gaf=2&_s=1&tag_exp=0~115938466~115938469~118463262~118494634~118719171&dp=%2Fpt%2F&sid=1778534057&sct=1&seg=0&dl=https%3A%2F%2Fbrightfunded.com%2Fpt%2F&dr=https%3A%2F%2Fbrightfunded.com%2F&dt=BrightFunded%20%7C%20A%20Melhor%20Prop%20Firm%20para%20Todo%20Trader&_tu=DA&en=page_view&_fv=1&_nsi=1&_ss=1&gap.gtb=1&evnid=1778534959153_177853450448120&ep.shop_language=&epn.event_time=1778534057&ep.consent_analytics_storage=true&ep.consent_ad_storage=true&ep.user_data._tag_mode=MANUAL&tfd=1607&richsstsse:0
[    2982ms] [ERROR] Failed to load resource: the server responded with a status of 404 (Not Found) @ https://tm.brightfunded.com/_/service_worker/63b0/sw_iframe.html?origin=https%3A%2F%2Fbrightfunded.com&1p=1:0
[    4262ms] [WARNING] [Meta Pixel] - Missing event name. Track events must be logged with an event name fbq("track", eventName) @ https://connect.facebook.net/en_US/fbevents.js:181
[    5884ms] [LOG] [Framer On-Page Editing] Unavailable because not on a `framer.app` subdomain and access status is no-auth @ https://app.framerstatic.com/editorbar.6TN74544.mjs:0
