[    2480ms] [ERROR] Invalid key/value pair found in Traffic's custom properties (tData). Objects, arrays, and functions are not supported.

Key: 'data' Value: '[object Object]' Type: 'object'. @ https://img6.wsimg.com/wrhs-next/b50c40b809a99b32b67cc2f11b98796d/scc-gd-c1.min.js:0
[    2489ms] [ERROR] Invalid key/value pair found in Traffic's custom properties (tData). Objects, arrays, and functions are not supported.

Key: 'data' Value: '[object Object]' Type: 'object'. @ https://img6.wsimg.com/wrhs-next/b50c40b809a99b32b67cc2f11b98796d/scc-gd-c1.min.js:0
[    2491ms] [ERROR] Invalid key/value pair found in Traffic's custom properties (tData). Objects, arrays, and functions are not supported.

Key: 'data' Value: '[object Object]' Type: 'object'. @ https://img6.wsimg.com/wrhs-next/b50c40b809a99b32b67cc2f11b98796d/scc-gd-c1.min.js:0
[    2866ms] [LOG] data = {standardEventName: PageView, tagIds: Array(5), eventName: standard, advancedMatching: false, includeTcf: false} @ https://img1.wsimg.com/tagging/js/g.js?p=GTM-5WB8X7D&l=_wGtmDataLayer:982
[    3388ms] [ERROR] Invalid key/value pair found in Traffic's custom properties (tData). Objects, arrays, and functions are not supported.

Key: 'products' Value: '[object Object]' Type: 'object'. @ https://img6.wsimg.com/wrhs-next/b50c40b809a99b32b67cc2f11b98796d/scc-gd-c1.min.js:0
[    3392ms] [ERROR] Invalid key/value pair found in Traffic's custom properties (tData). Objects, arrays, and functions are not supported.

Key: 'products' Value: '[object Object]' Type: 'object'. @ https://img6.wsimg.com/wrhs-next/b50c40b809a99b32b67cc2f11b98796d/scc-gd-c1.min.js:0
[    3393ms] [ERROR] Invalid key/value pair found in Traffic's custom properties (tData). Objects, arrays, and functions are not supported.

Key: 'products' Value: '[object Object]' Type: 'object'. @ https://img6.wsimg.com/wrhs-next/b50c40b809a99b32b67cc2f11b98796d/scc-gd-c1.min.js:0
[    3395ms] [ERROR] Invalid key/value pair found in Traffic's custom properties (tData). Objects, arrays, and functions are not supported.

Key: 'products' Value: '[object Object]' Type: 'object'. @ https://img6.wsimg.com/wrhs-next/b50c40b809a99b32b67cc2f11b98796d/scc-gd-c1.min.js:0
[    4503ms] [ERROR] Attestation check for Attribution Reporting on https://ara.paa-reporting-advertising.amazon failed. @ https://dcc.godaddy.com/control/dnsmanagement?domainName=marketscoupons.com:0
[    4709ms] [LOG] Adding event listener for recommendationsLoaded @ https://d2ph4fvqi4k5ds.cloudfront.net/static/20260511.fd61a47/dcc-domain-controller/_next/static/chunks/25589.6e4152c92c303d2a.js:0
[    4709ms] [LOG] Calling handlePrefetch @ https://d2ph4fvqi4k5ds.cloudfront.net/static/20260511.fd61a47/dcc-domain-controller/_next/static/chunks/25589.6e4152c92c303d2a.js:0
[    4808ms] [ERROR] Attestation check for Shared Storage on https://ara.paa-reporting-advertising.amazon failed. @ https://dcc.godaddy.com/control/dnsmanagement?domainName=marketscoupons.com:0
[    5075ms] [LOG] Recommendations assets loaded {version: 2fe94db48f76a2a61946033d46b96ef57a7c508c, placementKey: dns-management-domains, appKey: dcc-control, component: nextSteps} @ https://edge.fullstory.com/s/fs.js:3
[    5089ms] [WARNING] [@formatjs/intl] "defaultRichTextElements" was specified but "message" was not pre-compiled. 
Please consider using "@formatjs/cli" to pre-compile your messages for performance.
For more details see https://formatjs.io/docs/getting-started/message-distribution @ https://edge.fullstory.com/s/fs.js:3
[    5272ms] [LOG] Calling handleLoad @ https://edge.fullstory.com/s/fs.js:3
[    5446ms] [ERROR] Access to fetch at 'https://notifications-api.godaddy.com/v1/launch' from origin 'https://dcc.godaddy.com' has been blocked by CORS policy: No 'Access-Control-Allow-Origin' header is present on the requested resource. @ https://dcc.godaddy.com/control/dnsmanagement?domainName=marketscoupons.com:0
[    5446ms] [ERROR] Failed to load resource: net::ERR_FAILED @ https://notifications-api.godaddy.com/v1/launch:0
[   11726ms] [LOG] Recommendations visual complete @ https://edge.fullstory.com/s/fs.js:3
[   20515ms] [ERROR] Invalid key/value pair found in Traffic's custom properties (tData). Objects, arrays, and functions are not supported.

Key: 'products' Value: '[object Object]' Type: 'object'. @ https://img6.wsimg.com/wrhs-next/b50c40b809a99b32b67cc2f11b98796d/scc-gd-c1.min.js:0
[   20518ms] [ERROR] Invalid key/value pair found in Traffic's custom properties (tData). Objects, arrays, and functions are not supported.

Key: 'products' Value: '[object Object]' Type: 'object'. @ https://img6.wsimg.com/wrhs-next/b50c40b809a99b32b67cc2f11b98796d/scc-gd-c1.min.js:0
[   42245ms] [WARNING] WARN: A component changed from uncontrolled to controlled. @ https://edge.fullstory.com/s/fs.js:3
[   57163ms] [WARNING] WARN: A component changed from uncontrolled to controlled. @ https://edge.fullstory.com/s/fs.js:3
[  253468ms] [LOG] data = {standardEventName: PageView, tagIds: Array(5), eventName: standard, advancedMatching: false, includeTcf: false} @ https://img1.wsimg.com/tagging/js/g.js?p=GTM-5WB8X7D&l=_wGtmDataLayer:983
[  253928ms] [ERROR] Invalid key/value pair found in Traffic's custom properties (tData). Objects, arrays, and functions are not supported.

Key: 'data' Value: '[object Object]' Type: 'object'. @ https://img6.wsimg.com/wrhs-next/b50c40b809a99b32b67cc2f11b98796d/scc-gd-c1.min.js:0
[  253932ms] [ERROR] Invalid key/value pair found in Traffic's custom properties (tData). Objects, arrays, and functions are not supported.

Key: 'data' Value: '[object Object]' Type: 'object'. @ https://img6.wsimg.com/wrhs-next/b50c40b809a99b32b67cc2f11b98796d/scc-gd-c1.min.js:0
[  253935ms] [ERROR] Invalid key/value pair found in Traffic's custom properties (tData). Objects, arrays, and functions are not supported.

Key: 'data' Value: '[object Object]' Type: 'object'. @ https://img6.wsimg.com/wrhs-next/b50c40b809a99b32b67cc2f11b98796d/scc-gd-c1.min.js:0
[  254806ms] [ERROR] Invalid key/value pair found in Traffic's custom properties (tData). Objects, arrays, and functions are not supported.

Key: 'products' Value: '[object Object]' Type: 'object'. @ https://img6.wsimg.com/wrhs-next/b50c40b809a99b32b67cc2f11b98796d/scc-gd-c1.min.js:0
[  254810ms] [ERROR] Invalid key/value pair found in Traffic's custom properties (tData). Objects, arrays, and functions are not supported.

Key: 'products' Value: '[object Object]' Type: 'object'. @ https://img6.wsimg.com/wrhs-next/b50c40b809a99b32b67cc2f11b98796d/scc-gd-c1.min.js:0
[  254812ms] [ERROR] Invalid key/value pair found in Traffic's custom properties (tData). Objects, arrays, and functions are not supported.

Key: 'products' Value: '[object Object]' Type: 'object'. @ https://img6.wsimg.com/wrhs-next/b50c40b809a99b32b67cc2f11b98796d/scc-gd-c1.min.js:0
[  254813ms] [ERROR] Invalid key/value pair found in Traffic's custom properties (tData). Objects, arrays, and functions are not supported.

Key: 'products' Value: '[object Object]' Type: 'object'. @ https://img6.wsimg.com/wrhs-next/b50c40b809a99b32b67cc2f11b98796d/scc-gd-c1.min.js:0
[  254905ms] [ERROR] Attestation check for Attribution Reporting on https://ara.paa-reporting-advertising.amazon failed. @ https://dcc.godaddy.com/control/dnsmanagement?domainName=marketscoupons.com:0
[  255204ms] [LOG] Adding event listener for recommendationsLoaded @ https://edge.fullstory.com/s/fs.js:3
[  255205ms] [LOG] Calling handlePrefetch @ https://edge.fullstory.com/s/fs.js:3
[  255489ms] [ERROR] Attestation check for Shared Storage on https://ara.paa-reporting-advertising.amazon failed. @ https://dcc.godaddy.com/control/dnsmanagement?domainName=marketscoupons.com:0
[  255966ms] [LOG] Recommendations assets loaded {version: 2fe94db48f76a2a61946033d46b96ef57a7c508c, placementKey: dns-management-domains, appKey: dcc-control, component: nextSteps} @ https://edge.fullstory.com/s/fs.js:3
[  256287ms] [LOG] Calling handleLoad @ https://edge.fullstory.com/s/fs.js:3
[  256361ms] [WARNING] [@formatjs/intl] "defaultRichTextElements" was specified but "message" was not pre-compiled. 
Please consider using "@formatjs/cli" to pre-compile your messages for performance.
For more details see https://formatjs.io/docs/getting-started/message-distribution @ https://edge.fullstory.com/s/fs.js:3
[  258360ms] [LOG] Recommendations visual complete @ https://edge.fullstory.com/s/fs.js:3
[  326760ms] [ERROR] Invalid key/value pair found in Traffic's custom properties (tData). Objects, arrays, and functions are not supported.

Key: 'products' Value: '[object Object]' Type: 'object'. @ https://img6.wsimg.com/wrhs-next/b50c40b809a99b32b67cc2f11b98796d/scc-gd-c1.min.js:0
[  326765ms] [ERROR] Invalid key/value pair found in Traffic's custom properties (tData). Objects, arrays, and functions are not supported.

Key: 'products' Value: '[object Object]' Type: 'object'. @ https://img6.wsimg.com/wrhs-next/b50c40b809a99b32b67cc2f11b98796d/scc-gd-c1.min.js:0
[  343742ms] [WARNING] WARN: A component changed from uncontrolled to controlled. @ https://edge.fullstory.com/s/fs.js:3
[  343747ms] [WARNING] WARN: A component changed from uncontrolled to controlled. @ https://edge.fullstory.com/s/fs.js:3
[  352778ms] [ERROR] Invalid key/value pair found in Traffic's custom properties (tData). Objects, arrays, and functions are not supported.

Key: 'products' Value: '[object Object]' Type: 'object'. @ https://img6.wsimg.com/wrhs-next/b50c40b809a99b32b67cc2f11b98796d/scc-gd-c1.min.js:0
[  352782ms] [ERROR] Invalid key/value pair found in Traffic's custom properties (tData). Objects, arrays, and functions are not supported.

Key: 'products' Value: '[object Object]' Type: 'object'. @ https://img6.wsimg.com/wrhs-next/b50c40b809a99b32b67cc2f11b98796d/scc-gd-c1.min.js:0
[  352816ms] [WARNING] [@formatjs/intl] "defaultRichTextElements" was specified but "message" was not pre-compiled. 
Please consider using "@formatjs/cli" to pre-compile your messages for performance.
For more details see https://formatjs.io/docs/getting-started/message-distribution @ https://edge.fullstory.com/s/fs.js:3
[  354233ms] [WARNING] [@formatjs/intl] "defaultRichTextElements" was specified but "message" was not pre-compiled. 
Please consider using "@formatjs/cli" to pre-compile your messages for performance.
For more details see https://formatjs.io/docs/getting-started/message-distribution @ https://edge.fullstory.com/s/fs.js:3
[  355813ms] [ERROR] Invalid key/value pair found in Traffic's custom properties (tData). Objects, arrays, and functions are not supported.

Key: 'products' Value: '[object Object]' Type: 'object'. @ https://img6.wsimg.com/wrhs-next/b50c40b809a99b32b67cc2f11b98796d/scc-gd-c1.min.js:0
[  355825ms] [WARNING] [@formatjs/intl] "defaultRichTextElements" was specified but "message" was not pre-compiled. 
Please consider using "@formatjs/cli" to pre-compile your messages for performance.
For more details see https://formatjs.io/docs/getting-started/message-distribution @ https://edge.fullstory.com/s/fs.js:3
[  356491ms] [WARNING] [@formatjs/intl] "defaultRichTextElements" was specified but "message" was not pre-compiled. 
Please consider using "@formatjs/cli" to pre-compile your messages for performance.
For more details see https://formatjs.io/docs/getting-started/message-distribution @ https://edge.fullstory.com/s/fs.js:3
[  370756ms] [ERROR] Failed to load resource: net::ERR_INSUFFICIENT_RESOURCES @ https://rs.fullstory.com/rec/bundle/v2?OrgId=YKBRC&UserId=78f2c572-483e-48cc-bf3d-db8d51e08175&SessionId=805b8e47-414a-4348-aba2-19dff0f3c950&PageId=e6ddc037-a03c-4a41-ae8d-fbc3ddad15d9&Seq=17&ClientTime=1778620208539&CompiledVersion=426092ba96906e6317a08dfcd973ee2ad27878f5&PageStart=1778620093229&PrevBundleTime=1778620203673&LastActivity=42502&ContentEncoding=gzip:0
[  388345ms] [LOG] data = {standardEventName: PageView, tagIds: Array(5), eventName: standard, advancedMatching: false, includeTcf: false} @ https://img1.wsimg.com/tagging/js/g.js?p=GTM-5WB8X7D&l=_wGtmDataLayer:983
[  388966ms] [ERROR] Invalid key/value pair found in Traffic's custom properties (tData). Objects, arrays, and functions are not supported.

Key: 'data' Value: '[object Object]' Type: 'object'. @ https://img6.wsimg.com/wrhs-next/b50c40b809a99b32b67cc2f11b98796d/scc-gd-c1.min.js:0
[  388968ms] [ERROR] Invalid key/value pair found in Traffic's custom properties (tData). Objects, arrays, and functions are not supported.

Key: 'data' Value: '[object Object]' Type: 'object'. @ https://img6.wsimg.com/wrhs-next/b50c40b809a99b32b67cc2f11b98796d/scc-gd-c1.min.js:0
[  388969ms] [ERROR] Invalid key/value pair found in Traffic's custom properties (tData). Objects, arrays, and functions are not supported.

Key: 'data' Value: '[object Object]' Type: 'object'. @ https://img6.wsimg.com/wrhs-next/b50c40b809a99b32b67cc2f11b98796d/scc-gd-c1.min.js:0
[  389260ms] [ERROR] Invalid key/value pair found in Traffic's custom properties (tData). Objects, arrays, and functions are not supported.

Key: 'products' Value: '[object Object]' Type: 'object'. @ https://img6.wsimg.com/wrhs-next/b50c40b809a99b32b67cc2f11b98796d/scc-gd-c1.min.js:0
[  389263ms] [ERROR] Invalid key/value pair found in Traffic's custom properties (tData). Objects, arrays, and functions are not supported.

Key: 'products' Value: '[object Object]' Type: 'object'. @ https://img6.wsimg.com/wrhs-next/b50c40b809a99b32b67cc2f11b98796d/scc-gd-c1.min.js:0
[  389265ms] [ERROR] Invalid key/value pair found in Traffic's custom properties (tData). Objects, arrays, and functions are not supported.

Key: 'products' Value: '[object Object]' Type: 'object'. @ https://img6.wsimg.com/wrhs-next/b50c40b809a99b32b67cc2f11b98796d/scc-gd-c1.min.js:0
[  389267ms] [ERROR] Invalid key/value pair found in Traffic's custom properties (tData). Objects, arrays, and functions are not supported.

Key: 'products' Value: '[object Object]' Type: 'object'. @ https://img6.wsimg.com/wrhs-next/b50c40b809a99b32b67cc2f11b98796d/scc-gd-c1.min.js:0
[  389309ms] [ERROR] Attestation check for Attribution Reporting on https://ara.paa-reporting-advertising.amazon failed. @ https://dcc.godaddy.com/control/dnsmanagement?domainName=marketscoupons.com:0
[  389483ms] [LOG] Adding event listener for recommendationsLoaded @ https://edge.fullstory.com/s/fs.js:3
[  389484ms] [LOG] Calling handlePrefetch @ https://edge.fullstory.com/s/fs.js:3
[  389526ms] [ERROR] Attestation check for Shared Storage on https://ara.paa-reporting-advertising.amazon failed. @ https://dcc.godaddy.com/control/dnsmanagement?domainName=marketscoupons.com:0
[  389766ms] [WARNING] [@formatjs/intl] "defaultRichTextElements" was specified but "message" was not pre-compiled. 
Please consider using "@formatjs/cli" to pre-compile your messages for performance.
For more details see https://formatjs.io/docs/getting-started/message-distribution @ https://edge.fullstory.com/s/fs.js:3
[  389867ms] [LOG] Recommendations assets loaded {version: 2fe94db48f76a2a61946033d46b96ef57a7c508c, placementKey: dns-management-domains, appKey: dcc-control, component: nextSteps} @ https://edge.fullstory.com/s/fs.js:3
[  389930ms] [LOG] Calling handleLoad @ https://edge.fullstory.com/s/fs.js:3
[  390292ms] [WARNING] [@formatjs/intl] "defaultRichTextElements" was specified but "message" was not pre-compiled. 
Please consider using "@formatjs/cli" to pre-compile your messages for performance.
For more details see https://formatjs.io/docs/getting-started/message-distribution @ https://edge.fullstory.com/s/fs.js:3
[  391318ms] [LOG] Recommendations visual complete @ https://edge.fullstory.com/s/fs.js:3
