[      68ms] [WARNING] track insert error: TypeError: Failed to fetch @ https://browser.sentry-cdn.com/8.50.0/bundle.tracing.min.js:1
[      68ms] [WARNING] track insert error: TypeError: Failed to fetch @ https://browser.sentry-cdn.com/8.50.0/bundle.tracing.min.js:1
[     337ms] [VERBOSE] [DOM] Password field is not contained in a form: (More info: https://goo.gl/9p2vKq) %o @ https://www.marketscoupons.com/ar/blog?v=v1:0
[     338ms] [VERBOSE] [DOM] Password field is not contained in a form: (More info: https://goo.gl/9p2vKq) %o @ https://www.marketscoupons.com/ar/blog?v=v1:0
[     338ms] [VERBOSE] [DOM] Password field is not contained in a form: (More info: https://goo.gl/9p2vKq) %o @ https://www.marketscoupons.com/ar/blog?v=v1:0
[     340ms] [ERROR] Failed to load resource: the server responded with a status of 404 () @ https://www.marketscoupons.com/ar/img/bot/Pj/max-bot-lv-v2_1.png:0
[     354ms] [ERROR] Failed to load resource: the server responded with a status of 404 () @ https://www.marketscoupons.com/ar/img/Firms/bulenox.png:0
[     355ms] [ERROR] Failed to load resource: the server responded with a status of 404 () @ https://www.marketscoupons.com/ar/img/Firms/apex.png:0
[     355ms] [ERROR] Failed to load resource: the server responded with a status of 404 () @ https://www.marketscoupons.com/ar/img/Firms/fn.png:0
[     356ms] [ERROR] Failed to load resource: the server responded with a status of 404 () @ https://www.marketscoupons.com/ar/img/Firms/e2t.png:0
[     357ms] [ERROR] Failed to load resource: the server responded with a status of 404 () @ https://www.marketscoupons.com/ar/img/Firms/cti.png:0
[     357ms] [ERROR] Failed to load resource: the server responded with a status of 404 () @ https://www.marketscoupons.com/ar/img/Firms/Tradeday.png:0
[     358ms] [ERROR] Failed to load resource: the server responded with a status of 404 () @ https://www.marketscoupons.com/ar/img/Firms/tpt.png:0
[     359ms] [ERROR] Failed to load resource: the server responded with a status of 404 () @ https://www.marketscoupons.com/ar/img/Firms/ftmo.png:0
[     360ms] [ERROR] Failed to load resource: the server responded with a status of 404 () @ https://www.marketscoupons.com/ar/img/Firms/fundingpips.png:0
[     360ms] [ERROR] Failed to load resource: the server responded with a status of 404 () @ https://www.marketscoupons.com/ar/img/Firms/brightfunded.png:0
[     361ms] [ERROR] Failed to load resource: the server responded with a status of 404 () @ https://www.marketscoupons.com/ar/img/Firms/e8.png:0
[     362ms] [ERROR] Failed to load resource: the server responded with a status of 404 () @ https://www.marketscoupons.com/ar/img/Firms/the5ers.png:0
[    1055ms] [ERROR] Failed to load resource: the server responded with a status of 404 () @ https://www.marketscoupons.com/ar/img/Firms/fn.png:0
[    1056ms] [ERROR] Failed to load resource: the server responded with a status of 404 () @ https://www.marketscoupons.com/ar/img/Firms/e2t.png:0
[    1056ms] [ERROR] Failed to load resource: the server responded with a status of 404 () @ https://www.marketscoupons.com/ar/img/Firms/bulenox.png:0
[    1057ms] [ERROR] Failed to load resource: the server responded with a status of 404 () @ https://www.marketscoupons.com/ar/img/Firms/apex.png:0
[    1058ms] [ERROR] Failed to load resource: the server responded with a status of 404 () @ https://www.marketscoupons.com/ar/img/Firms/cti.png:0
[    1059ms] [ERROR] Failed to load resource: the server responded with a status of 404 () @ https://www.marketscoupons.com/ar/img/Firms/Tradeday.png:0
[    1060ms] [ERROR] Failed to load resource: the server responded with a status of 404 () @ https://www.marketscoupons.com/ar/img/Firms/tpt.png:0
[    1061ms] [ERROR] Failed to load resource: the server responded with a status of 404 () @ https://www.marketscoupons.com/ar/img/Firms/fundingpips.png:0
[    1061ms] [ERROR] Failed to load resource: the server responded with a status of 404 () @ https://www.marketscoupons.com/ar/img/Firms/ftmo.png:0
[    1062ms] [ERROR] Failed to load resource: the server responded with a status of 404 () @ https://www.marketscoupons.com/ar/img/Firms/brightfunded.png:0
[    1062ms] [ERROR] Failed to load resource: the server responded with a status of 404 () @ https://www.marketscoupons.com/ar/img/Firms/e8.png:0
[    1063ms] [ERROR] Failed to load resource: the server responded with a status of 404 () @ https://www.marketscoupons.com/ar/img/Firms/the5ers.png:0
[    1762ms] [ERROR] Failed to load resource: the server responded with a status of 404 () @ https://www.marketscoupons.com/ar/img/Firms/e2t.png:0
[    1763ms] [ERROR] Failed to load resource: the server responded with a status of 404 () @ https://www.marketscoupons.com/ar/img/Firms/the5ers.png:0
[    1763ms] [ERROR] Failed to load resource: the server responded with a status of 404 () @ https://www.marketscoupons.com/ar/img/Firms/fundingpips.png:0
[    1764ms] [ERROR] Failed to load resource: the server responded with a status of 404 () @ https://www.marketscoupons.com/ar/img/Firms/Tradeday.png:0
[    1765ms] [ERROR] Failed to load resource: the server responded with a status of 404 () @ https://www.marketscoupons.com/ar/img/Firms/ftmo.png:0
[    1766ms] [ERROR] Failed to load resource: the server responded with a status of 404 () @ https://www.marketscoupons.com/ar/img/Firms/fn.png:0
[    1767ms] [ERROR] Failed to load resource: the server responded with a status of 404 () @ https://www.marketscoupons.com/ar/img/Firms/tpt.png:0
[    1767ms] [ERROR] Failed to load resource: the server responded with a status of 404 () @ https://www.marketscoupons.com/ar/img/Firms/apex.png:0
[    1768ms] [ERROR] Failed to load resource: the server responded with a status of 404 () @ https://www.marketscoupons.com/ar/img/Firms/bulenox.png:0
[    1768ms] [ERROR] Failed to load resource: the server responded with a status of 404 () @ https://www.marketscoupons.com/ar/img/Firms/brightfunded.png:0
[    1769ms] [ERROR] Failed to load resource: the server responded with a status of 404 () @ https://www.marketscoupons.com/ar/img/Firms/e8.png:0
[    1769ms] [ERROR] Failed to load resource: the server responded with a status of 404 () @ https://www.marketscoupons.com/ar/img/Firms/cti.png:0
