[    1339ms] [VERBOSE] [DOM] Input elements should have autocomplete attributes (suggested: "current-password"): (More info: https://goo.gl/9p2vKq) %o @ https://sentry.io/auth/login/markets-coupons/:0
[    2122ms] [LOG] %c
       ‚Ėą‚Ėą‚Ėą‚Ėą‚Ėą‚Ėą‚ēó ‚Ėą‚Ėą‚Ėą‚Ėą‚Ėą‚Ėą‚Ėą‚ēó‚Ėą‚Ėą‚Ėą‚ēó   ‚Ėą‚Ėą‚ēó‚Ėą‚Ėą‚Ėą‚Ėą‚Ėą‚Ėą‚Ėą‚Ėą‚ēó‚Ėą‚Ėą‚Ėą‚Ėą‚Ėą‚Ėą‚ēó ‚Ėą‚Ėą‚ēó   ‚Ėą‚Ėą‚ēó
      ‚Ėą‚Ėą‚ēĒ‚ēź‚ēź‚ēź‚ēź‚ēĚ ‚Ėą‚Ėą‚ēĒ‚ēź‚ēź‚ēź‚ēź‚ēĚ‚Ėą‚Ėą‚Ėą‚Ėą‚ēó  ‚Ėą‚Ėą‚ēĎ‚ēö‚ēź‚ēź‚Ėą‚Ėą‚ēĒ‚ēź‚ēź‚ēĚ‚Ėą‚Ėą‚ēĒ‚ēź‚ēź‚Ėą‚Ėą‚ēó‚ēö‚Ėą‚Ėą‚ēó ‚Ėą‚Ėą‚ēĒ‚ēĚ
      ‚ēö‚Ėą‚Ėą‚Ėą‚Ėą‚Ėą‚ēó  ‚Ėą‚Ėą‚Ėą‚Ėą‚Ėą‚ēó  ‚Ėą‚Ėą‚ēĒ‚Ėą‚Ėą‚ēó ‚Ėą‚Ėą‚ēĎ   ‚Ėą‚Ėą‚ēĎ   ‚Ėą‚Ėą‚Ėą‚Ėą‚Ėą‚Ėą‚ēĒ‚ēĚ ‚ēö‚Ėą‚Ėą‚Ėą‚Ėą‚ēĒ‚ēĚ
       ‚ēö‚ēź‚ēź‚ēź‚Ėą‚Ėą‚ēó ‚Ėą‚Ėą‚ēĒ‚ēź‚ēź‚ēĚ  ‚Ėą‚Ėą‚ēĎ‚ēö‚Ėą‚Ėą‚ēó‚Ėą‚Ėą‚ēĎ   ‚Ėą‚Ėą‚ēĎ   ‚Ėą‚Ėą‚ēĒ‚ēź‚ēź‚Ėą‚Ėą‚ēó  ‚ēö‚Ėą‚Ėą‚ēĒ‚ēĚ
      ‚Ėą‚Ėą‚Ėą‚Ėą‚Ėą‚Ėą‚ēĒ‚ēĚ ‚Ėą‚Ėą‚Ėą‚Ėą‚Ėą‚Ėą‚Ėą‚ēó‚Ėą‚Ėą‚ēĎ ‚ēö‚Ėą‚Ėą‚Ėą‚Ėą‚ēĎ   ‚Ėą‚Ėą‚ēĎ   ‚Ėą‚Ėą‚ēĎ  ‚Ėą‚Ėą‚ēĎ   ‚Ėą‚Ėą‚ēĎ
      ‚ēö‚ēź‚ēź‚ēź‚ēź‚ēź‚ēĚ  ‚ēö‚ēź‚ēź‚ēź‚ēź‚ēź‚ēź‚ēĚ‚ēö‚ēź‚ēĚ  ‚ēö‚ēź‚ēź‚ēź‚ēĚ   ‚ēö‚ēź‚ēĚ   ‚ēö‚ēź‚ēĚ  ‚ēö‚ēź‚ēĚ   ‚ēö‚ēź‚ēĚ

      ūüĎč Hey, you opened the console!

      Found a bug?
      Yeah, we probably know about it. We literally built a company
      around finding and fixing bugs. The irony isn't lost on us.

      ūüďö Docs: https://docs.sentry.io/
      ūüí¨ Ideas? Complaints? Hot takes? https://github.com/getsentry/sentry/discussions

      Like poking around in dev tools? We like that about you.
      We're hiring: https://sentry.io/careers/
      (We have snacks. And opinions about error handling.)
     color: #653DE9; font-family: 'Roboto Mono', Monaco, Consolas, 'Courier New', monospace; @ https://s1.sentry-cdn.com/_static/dist/sentry/chunks/26706.e54f515c82944cdb.js:501
[    3262ms] [ERROR] Failed to load resource: net::ERR_NAME_NOT_RESOLVED @ https://m.stripe.com/6:0
[   59310ms] [VERBOSE] [DOM] Password field is not contained in a form: (More info: https://goo.gl/9p2vKq) %o @ https://accounts.google.com/v3/signin/identifier?opparams=%253F&dsh=S822630864%3A1777732967727353&client_id=1060652057516-a89b41kuqhobbocqtb3fr4mut2bfljb0.apps.googleusercontent.com&o2v=1&redirect_uri=https%3A%2F%2Fsentry.io%2Fextensions%2Fgoogle%2Fsetup%2F&response_type=code&scope=email&service=lso&state=ca1b010a286fcda0ea0c57978a1afe2a4d58dcb00e29993f8aca6a8081fc45cb&flowName=GeneralOAuthFlow&continue=https%3A%2F%2Faccounts.google.com%2Fsignin%2Foauth%2Fconsent%3Fauthuser%3Dunknown%26part%3DAJi8hAM9teUSlWBzhKHqSaraezqctZb2UI-CSBbc4ITUHSRACq0Rr-uiZUBrvhcX_WEY3VMWBJi-rbv3-50OAR8-g3ixeZwQAoPdaQut9v8KoxuoZQFPuule2iqpQr5hp3IfnGXaxAy6jfS2ZnhrdaVJUcHQtKFbLvBJc7kR7WuXfYX1bd7UwLIjE8w3PuoH2HG7RiyfEz6mCFyglE3vXkSaLS-wn1LBRVHUrUhwaQgCmWaE4NA77KJbrR8RNIKdGhviUgp30uJQA0sAJVs8ng1jdmnpsr3RmAjaJ8uk4SHEUl8EsWy7ogP64A4PQmmziq3RNZFeHZN8975BZc5yglkUTrbq54ZqvGBt399_INwNiAftpKVKKJhpp548BGYHweI1wWvuwMxBjyd8JjRp72vPAqDspj3jdG066ic_uSGkJ-BIEl1eUcYs0qKStodgHIpzfsx5_-Nq70316PUyaf3spgZyELJ1-w%26flowName%3DGeneralOAuthFlow%26as%3DS822630864%253A1777732967727353%26client_id%3D1060652057516-a89b41kuqhobbocqtb3fr4mut2bfljb0.apps.googleusercontent.com%26requestPath%3D%252Fsignin%252Foauth%252Fconsent%23&app_domain=https%3A%2F%2Fsentry.io&rart=ANgoxccxlvzO_5R0d50AgGGPPlIrm7iv7f35nlekERcD5nx0U924jxL94b8Kf2DQgAqC8Rv0HyW_lO2wQ11lYCn7EGMsjS8d8icNiyoNk9hmkR7d0pXiAW8:0
[   59321ms] [LOG] %c%s color: red; background: yellow; font-size: 24px; AVISO @ https://www.gstatic.com/_/mss/boq-identity/_/js/k=boq-identity.AccountsSignInUi.pt_BR.XnM-5O1KtDk.es5.O/am=Kd8AAAChEAVCBgDj__8GAAiAIGrg9SwATSAyAAAAAAAAAABgAQAAGgE/d=1/excm=_b,_tp,identifierview/ed=1/dg=0/wt=2/ujg=1/rs=AOaEmlHGMWAH-gf79XTzZoRnJzopT8kqrw/dti=1/m=_b,_tp:542
[   59321ms] [LOG] %c%s font-size: 18px; O uso deste console pode permitir que invasores falsifiquem sua identidade para roubar informa√ß√Ķes por meio de um ataque chamado Self-XSS.
N√£o insira nem cole c√≥digos que voc√™ n√£o conhe√ßa. @ https://www.gstatic.com/_/mss/boq-identity/_/js/k=boq-identity.AccountsSignInUi.pt_BR.XnM-5O1KtDk.es5.O/am=Kd8AAAChEAVCBgDj__8GAAiAIGrg9SwATSAyAAAAAAAAAABgAQAAGgE/d=1/excm=_b,_tp,identifierview/ed=1/dg=0/wt=2/ujg=1/rs=AOaEmlHGMWAH-gf79XTzZoRnJzopT8kqrw/dti=1/m=_b,_tp:542
[   77712ms] [VERBOSE] [DOM] Password field is not contained in a form: (More info: https://goo.gl/9p2vKq) %o @ https://accounts.google.com/v3/signin/challenge/pwd?TL=APouJz7Q8Pt1OxtVHVNnTJ7Ggfmxgpe5PNanbJB1oiHYEcSzoN-OANhmOts4leW3&app_domain=https%3A%2F%2Fsentry.io&checkConnection=youtube%3A276&checkedDomains=youtube&cid=2&client_id=1060652057516-a89b41kuqhobbocqtb3fr4mut2bfljb0.apps.googleusercontent.com&continue=https%3A%2F%2Faccounts.google.com%2Fsignin%2Foauth%2Fconsent%3Fauthuser%3Dunknown%26part%3DAJi8hAM9teUSlWBzhKHqSaraezqctZb2UI-CSBbc4ITUHSRACq0Rr-uiZUBrvhcX_WEY3VMWBJi-rbv3-50OAR8-g3ixeZwQAoPdaQut9v8KoxuoZQFPuule2iqpQr5hp3IfnGXaxAy6jfS2ZnhrdaVJUcHQtKFbLvBJc7kR7WuXfYX1bd7UwLIjE8w3PuoH2HG7RiyfEz6mCFyglE3vXkSaLS-wn1LBRVHUrUhwaQgCmWaE4NA77KJbrR8RNIKdGhviUgp30uJQA0sAJVs8ng1jdmnpsr3RmAjaJ8uk4SHEUl8EsWy7ogP64A4PQmmziq3RNZFeHZN8975BZc5yglkUTrbq54ZqvGBt399_INwNiAftpKVKKJhpp548BGYHweI1wWvuwMxBjyd8JjRp72vPAqDspj3jdG066ic_uSGkJ-BIEl1eUcYs0qKStodgHIpzfsx5_-Nq70316PUyaf3spgZyELJ1-w%26flowName%3DGeneralOAuthFlow%26as%3DS822630864%253A1777732967727353%26client_id%3D1060652057516-a89b41kuqhobbocqtb3fr4mut2bfljb0.apps.googleusercontent.com%26requestPath%3D%252Fsignin%252Foauth%252Fconsent%23&dsh=S822630864%3A1777732967727353&flowName=GeneralOAuthFlow&o2v=1&opparams=%253F&pstMsg=1&rart=ANgoxccxlvzO_5R0d50AgGGPPlIrm7iv7f35nlekERcD5nx0U924jxL94b8Kf2DQgAqC8Rv0HyW_lO2wQ11lYCn7EGMsjS8d8icNiyoNk9hmkR7d0pXiAW8&redirect_uri=https%3A%2F%2Fsentry.io%2Fextensions%2Fgoogle%2Fsetup%2F&response_type=code&scope=email&service=lso&state=ca1b010a286fcda0ea0c57978a1afe2a4d58dcb00e29993f8aca6a8081fc45cb:0
[  110200ms] [LOG] %c
       ‚Ėą‚Ėą‚Ėą‚Ėą‚Ėą‚Ėą‚ēó ‚Ėą‚Ėą‚Ėą‚Ėą‚Ėą‚Ėą‚Ėą‚ēó‚Ėą‚Ėą‚Ėą‚ēó   ‚Ėą‚Ėą‚ēó‚Ėą‚Ėą‚Ėą‚Ėą‚Ėą‚Ėą‚Ėą‚Ėą‚ēó‚Ėą‚Ėą‚Ėą‚Ėą‚Ėą‚Ėą‚ēó ‚Ėą‚Ėą‚ēó   ‚Ėą‚Ėą‚ēó
      ‚Ėą‚Ėą‚ēĒ‚ēź‚ēź‚ēź‚ēź‚ēĚ ‚Ėą‚Ėą‚ēĒ‚ēź‚ēź‚ēź‚ēź‚ēĚ‚Ėą‚Ėą‚Ėą‚Ėą‚ēó  ‚Ėą‚Ėą‚ēĎ‚ēö‚ēź‚ēź‚Ėą‚Ėą‚ēĒ‚ēź‚ēź‚ēĚ‚Ėą‚Ėą‚ēĒ‚ēź‚ēź‚Ėą‚Ėą‚ēó‚ēö‚Ėą‚Ėą‚ēó ‚Ėą‚Ėą‚ēĒ‚ēĚ
      ‚ēö‚Ėą‚Ėą‚Ėą‚Ėą‚Ėą‚ēó  ‚Ėą‚Ėą‚Ėą‚Ėą‚Ėą‚ēó  ‚Ėą‚Ėą‚ēĒ‚Ėą‚Ėą‚ēó ‚Ėą‚Ėą‚ēĎ   ‚Ėą‚Ėą‚ēĎ   ‚Ėą‚Ėą‚Ėą‚Ėą‚Ėą‚Ėą‚ēĒ‚ēĚ ‚ēö‚Ėą‚Ėą‚Ėą‚Ėą‚ēĒ‚ēĚ
       ‚ēö‚ēź‚ēź‚ēź‚Ėą‚Ėą‚ēó ‚Ėą‚Ėą‚ēĒ‚ēź‚ēź‚ēĚ  ‚Ėą‚Ėą‚ēĎ‚ēö‚Ėą‚Ėą‚ēó‚Ėą‚Ėą‚ēĎ   ‚Ėą‚Ėą‚ēĎ   ‚Ėą‚Ėą‚ēĒ‚ēź‚ēź‚Ėą‚Ėą‚ēó  ‚ēö‚Ėą‚Ėą‚ēĒ‚ēĚ
      ‚Ėą‚Ėą‚Ėą‚Ėą‚Ėą‚Ėą‚ēĒ‚ēĚ ‚Ėą‚Ėą‚Ėą‚Ėą‚Ėą‚Ėą‚Ėą‚ēó‚Ėą‚Ėą‚ēĎ ‚ēö‚Ėą‚Ėą‚Ėą‚Ėą‚ēĎ   ‚Ėą‚Ėą‚ēĎ   ‚Ėą‚Ėą‚ēĎ  ‚Ėą‚Ėą‚ēĎ   ‚Ėą‚Ėą‚ēĎ
      ‚ēö‚ēź‚ēź‚ēź‚ēź‚ēź‚ēĚ  ‚ēö‚ēź‚ēź‚ēź‚ēź‚ēź‚ēź‚ēĚ‚ēö‚ēź‚ēĚ  ‚ēö‚ēź‚ēź‚ēź‚ēĚ   ‚ēö‚ēź‚ēĚ   ‚ēö‚ēź‚ēĚ  ‚ēö‚ēź‚ēĚ   ‚ēö‚ēź‚ēĚ

      ūüĎč Hey, you opened the console!

      Found a bug?
      Yeah, we probably know about it. We literally built a company
      around finding and fixing bugs. The irony isn't lost on us.

      ūüďö Docs: https://docs.sentry.io/
      ūüí¨ Ideas? Complaints? Hot takes? https://github.com/getsentry/sentry/discussions

      Like poking around in dev tools? We like that about you.
      We're hiring: https://sentry.io/careers/
      (We have snacks. And opinions about error handling.)
     color: #653DE9; font-family: 'Roboto Mono', Monaco, Consolas, 'Courier New', monospace; @ https://s1.sentry-cdn.com/_static/dist/sentry/chunks/26706.e54f515c82944cdb.js:501
[  110910ms] [ERROR] Failed to load resource: net::ERR_NAME_NOT_RESOLVED @ https://m.stripe.com/6:0
