[     569ms] [WARNING] track insert error: TypeError: Failed to fetch @ https://browser.sentry-cdn.com/8.50.0/bundle.tracing.min.js:1
[    2151ms] [VERBOSE] [DOM] Password field is not contained in a form: (More info: https://goo.gl/9p2vKq) %o @ https://www.marketscoupons.com/es/blog?v=verify2:0
[    2151ms] [VERBOSE] [DOM] Password field is not contained in a form: (More info: https://goo.gl/9p2vKq) %o @ https://www.marketscoupons.com/es/blog?v=verify2:0
[    2151ms] [VERBOSE] [DOM] Password field is not contained in a form: (More info: https://goo.gl/9p2vKq) %o @ https://www.marketscoupons.com/es/blog?v=verify2:0
[    2154ms] [ERROR] Failed to load resource: the server responded with a status of 404 () @ https://www.marketscoupons.com/es/img/bot/Pj/max-bot-lv-v2_1.png:0
[    2162ms] [ERROR] Failed to load resource: the server responded with a status of 404 () @ https://www.marketscoupons.com/es/img/Firms/apex.png:0
[    2163ms] [ERROR] Failed to load resource: the server responded with a status of 404 () @ https://www.marketscoupons.com/es/img/Firms/bulenox.png:0
[    2164ms] [ERROR] Failed to load resource: the server responded with a status of 404 () @ https://www.marketscoupons.com/es/img/Firms/e2t.png:0
[    2164ms] [ERROR] Failed to load resource: the server responded with a status of 404 () @ https://www.marketscoupons.com/es/img/Firms/fn.png:0
[    2165ms] [ERROR] Failed to load resource: the server responded with a status of 404 () @ https://www.marketscoupons.com/es/img/Firms/tpt.png:0
[    2165ms] [ERROR] Failed to load resource: the server responded with a status of 404 () @ https://www.marketscoupons.com/es/img/Firms/fundingpips.png:0
[    2166ms] [ERROR] Failed to load resource: the server responded with a status of 404 () @ https://www.marketscoupons.com/es/img/Firms/ftmo.png:0
[    2167ms] [ERROR] Failed to load resource: the server responded with a status of 404 () @ https://www.marketscoupons.com/es/img/Firms/cti.png:0
[    2167ms] [ERROR] Failed to load resource: the server responded with a status of 404 () @ https://www.marketscoupons.com/es/img/Firms/brightfunded.png:0
[    2167ms] [ERROR] Failed to load resource: the server responded with a status of 404 () @ https://www.marketscoupons.com/es/img/Firms/the5ers.png:0
[    2168ms] [ERROR] Failed to load resource: the server responded with a status of 404 () @ https://www.marketscoupons.com/es/img/Firms/e8.png:0
[    2168ms] [ERROR] Failed to load resource: the server responded with a status of 404 () @ https://www.marketscoupons.com/es/img/Firms/Tradeday.png:0
[    6776ms] [ERROR] Failed to load resource: the server responded with a status of 404 () @ https://www.marketscoupons.com/es/img/Firms/e2t.png:0
[    6777ms] [ERROR] Failed to load resource: the server responded with a status of 404 () @ https://www.marketscoupons.com/es/img/Firms/apex.png:0
[    6777ms] [ERROR] Failed to load resource: the server responded with a status of 404 () @ https://www.marketscoupons.com/es/img/Firms/fn.png:0
[    6778ms] [ERROR] Failed to load resource: the server responded with a status of 404 () @ https://www.marketscoupons.com/es/img/Firms/tpt.png:0
[    6778ms] [ERROR] Failed to load resource: the server responded with a status of 404 () @ https://www.marketscoupons.com/es/img/Firms/cti.png:0
[    6779ms] [ERROR] Failed to load resource: the server responded with a status of 404 () @ https://www.marketscoupons.com/es/img/Firms/Tradeday.png:0
[    6780ms] [ERROR] Failed to load resource: the server responded with a status of 404 () @ https://www.marketscoupons.com/es/img/Firms/fundingpips.png:0
[    6780ms] [ERROR] Failed to load resource: the server responded with a status of 404 () @ https://www.marketscoupons.com/es/img/Firms/ftmo.png:0
[    6781ms] [ERROR] Failed to load resource: the server responded with a status of 404 () @ https://www.marketscoupons.com/es/img/Firms/brightfunded.png:0
[    6782ms] [ERROR] Failed to load resource: the server responded with a status of 404 () @ https://www.marketscoupons.com/es/img/Firms/e8.png:0
[    6783ms] [ERROR] Failed to load resource: the server responded with a status of 404 () @ https://www.marketscoupons.com/es/img/Firms/the5ers.png:0
[    6784ms] [ERROR] Failed to load resource: the server responded with a status of 404 () @ https://www.marketscoupons.com/es/img/Firms/bulenox.png:0
[    7561ms] [ERROR] Failed to load resource: the server responded with a status of 404 () @ https://www.marketscoupons.com/es/img/Firms/bulenox.png:0
[    7561ms] [ERROR] Failed to load resource: the server responded with a status of 404 () @ https://www.marketscoupons.com/es/img/Firms/ftmo.png:0
[    7562ms] [ERROR] Failed to load resource: the server responded with a status of 404 () @ https://www.marketscoupons.com/es/img/Firms/fn.png:0
[    7562ms] [ERROR] Failed to load resource: the server responded with a status of 404 () @ https://www.marketscoupons.com/es/img/Firms/e2t.png:0
[    7563ms] [ERROR] Failed to load resource: the server responded with a status of 404 () @ https://www.marketscoupons.com/es/img/Firms/tpt.png:0
[    7563ms] [ERROR] Failed to load resource: the server responded with a status of 404 () @ https://www.marketscoupons.com/es/img/Firms/apex.png:0
[    7564ms] [ERROR] Failed to load resource: the server responded with a status of 404 () @ https://www.marketscoupons.com/es/img/Firms/brightfunded.png:0
[    7565ms] [ERROR] Failed to load resource: the server responded with a status of 404 () @ https://www.marketscoupons.com/es/img/Firms/e8.png:0
[    7566ms] [ERROR] Failed to load resource: the server responded with a status of 404 () @ https://www.marketscoupons.com/es/img/Firms/Tradeday.png:0
[    7567ms] [ERROR] Failed to load resource: the server responded with a status of 404 () @ https://www.marketscoupons.com/es/img/Firms/fundingpips.png:0
[    7568ms] [ERROR] Failed to load resource: the server responded with a status of 404 () @ https://www.marketscoupons.com/es/img/Firms/cti.png:0
[    7568ms] [ERROR] Failed to load resource: the server responded with a status of 404 () @ https://www.marketscoupons.com/es/img/Firms/the5ers.png:0
