[      70ms] [WARNING] track insert error: TypeError: Failed to fetch @ https://browser.sentry-cdn.com/8.50.0/bundle.tracing.min.js:1
[      70ms] [WARNING] track insert error: TypeError: Failed to fetch @ https://browser.sentry-cdn.com/8.50.0/bundle.tracing.min.js:1
[     295ms] [VERBOSE] [DOM] Password field is not contained in a form: (More info: https://goo.gl/9p2vKq) %o @ https://www.marketscoupons.com/es/blog?v=verify4:0
[     295ms] [VERBOSE] [DOM] Password field is not contained in a form: (More info: https://goo.gl/9p2vKq) %o @ https://www.marketscoupons.com/es/blog?v=verify4:0
[     295ms] [VERBOSE] [DOM] Password field is not contained in a form: (More info: https://goo.gl/9p2vKq) %o @ https://www.marketscoupons.com/es/blog?v=verify4:0
[     298ms] [ERROR] Failed to load resource: the server responded with a status of 404 () @ https://www.marketscoupons.com/es/img/bot/Pj/max-bot-lv-v2_1.png:0
[     322ms] [ERROR] Failed to load resource: the server responded with a status of 404 () @ https://www.marketscoupons.com/es/img/Firms/bulenox.png:0
[     323ms] [ERROR] Failed to load resource: the server responded with a status of 404 () @ https://www.marketscoupons.com/es/img/Firms/apex.png:0
[     324ms] [ERROR] Failed to load resource: the server responded with a status of 404 () @ https://www.marketscoupons.com/es/img/Firms/tpt.png:0
[     324ms] [ERROR] Failed to load resource: the server responded with a status of 404 () @ https://www.marketscoupons.com/es/img/Firms/e2t.png:0
[     325ms] [ERROR] Failed to load resource: the server responded with a status of 404 () @ https://www.marketscoupons.com/es/img/Firms/fn.png:0
[     326ms] [ERROR] Failed to load resource: the server responded with a status of 404 () @ https://www.marketscoupons.com/es/img/Firms/ftmo.png:0
[     327ms] [ERROR] Failed to load resource: the server responded with a status of 404 () @ https://www.marketscoupons.com/es/img/Firms/Tradeday.png:0
[     328ms] [ERROR] Failed to load resource: the server responded with a status of 404 () @ https://www.marketscoupons.com/es/img/Firms/brightfunded.png:0
[     329ms] [ERROR] Failed to load resource: the server responded with a status of 404 () @ https://www.marketscoupons.com/es/img/Firms/cti.png:0
[     330ms] [ERROR] Failed to load resource: the server responded with a status of 404 () @ https://www.marketscoupons.com/es/img/Firms/the5ers.png:0
[     331ms] [ERROR] Failed to load resource: the server responded with a status of 404 () @ https://www.marketscoupons.com/es/img/Firms/e8.png:0
[     331ms] [ERROR] Failed to load resource: the server responded with a status of 404 () @ https://www.marketscoupons.com/es/img/Firms/fundingpips.png:0
[    2290ms] [ERROR] Failed to load resource: the server responded with a status of 404 () @ https://www.marketscoupons.com/es/img/Firms/apex.png:0
[    2291ms] [ERROR] Failed to load resource: the server responded with a status of 404 () @ https://www.marketscoupons.com/es/img/Firms/bulenox.png:0
[    2291ms] [ERROR] Failed to load resource: the server responded with a status of 404 () @ https://www.marketscoupons.com/es/img/Firms/e2t.png:0
[    2292ms] [ERROR] Failed to load resource: the server responded with a status of 404 () @ https://www.marketscoupons.com/es/img/Firms/fn.png:0
[    2292ms] [ERROR] Failed to load resource: the server responded with a status of 404 () @ https://www.marketscoupons.com/es/img/Firms/Tradeday.png:0
[    2294ms] [ERROR] Failed to load resource: the server responded with a status of 404 () @ https://www.marketscoupons.com/es/img/Firms/cti.png:0
[    2295ms] [ERROR] Failed to load resource: the server responded with a status of 404 () @ https://www.marketscoupons.com/es/img/Firms/tpt.png:0
[    2296ms] [ERROR] Failed to load resource: the server responded with a status of 404 () @ https://www.marketscoupons.com/es/img/Firms/brightfunded.png:0
[    2297ms] [ERROR] Failed to load resource: the server responded with a status of 404 () @ https://www.marketscoupons.com/es/img/Firms/fundingpips.png:0
[    2298ms] [ERROR] Failed to load resource: the server responded with a status of 404 () @ https://www.marketscoupons.com/es/img/Firms/the5ers.png:0
[    2300ms] [ERROR] Failed to load resource: the server responded with a status of 404 () @ https://www.marketscoupons.com/es/img/Firms/e8.png:0
[    2305ms] [ERROR] Failed to load resource: the server responded with a status of 404 () @ https://www.marketscoupons.com/es/img/Firms/ftmo.png:0
[    2991ms] [ERROR] Failed to load resource: the server responded with a status of 404 () @ https://www.marketscoupons.com/es/img/Firms/bulenox.png:0
[    2991ms] [ERROR] Failed to load resource: the server responded with a status of 404 () @ https://www.marketscoupons.com/es/img/Firms/ftmo.png:0
[    2997ms] [ERROR] Failed to load resource: the server responded with a status of 404 () @ https://www.marketscoupons.com/es/img/Firms/e2t.png:0
[    2998ms] [ERROR] Failed to load resource: the server responded with a status of 404 () @ https://www.marketscoupons.com/es/img/Firms/the5ers.png:0
[    2999ms] [ERROR] Failed to load resource: the server responded with a status of 404 () @ https://www.marketscoupons.com/es/img/Firms/Tradeday.png:0
[    3000ms] [ERROR] Failed to load resource: the server responded with a status of 404 () @ https://www.marketscoupons.com/es/img/Firms/fundingpips.png:0
[    3000ms] [ERROR] Failed to load resource: the server responded with a status of 404 () @ https://www.marketscoupons.com/es/img/Firms/fn.png:0
[    3001ms] [ERROR] Failed to load resource: the server responded with a status of 404 () @ https://www.marketscoupons.com/es/img/Firms/tpt.png:0
[    3002ms] [ERROR] Failed to load resource: the server responded with a status of 404 () @ https://www.marketscoupons.com/es/img/Firms/apex.png:0
[    3003ms] [ERROR] Failed to load resource: the server responded with a status of 404 () @ https://www.marketscoupons.com/es/img/Firms/e8.png:0
[    3004ms] [ERROR] Failed to load resource: the server responded with a status of 404 () @ https://www.marketscoupons.com/es/img/Firms/cti.png:0
[    3004ms] [ERROR] Failed to load resource: the server responded with a status of 404 () @ https://www.marketscoupons.com/es/img/Firms/brightfunded.png:0
