[     608ms] [ERROR] Failed to load resource: the server responded with a status of 404 () @ https://cdn.jsdelivr.net/npm/modern-screenshot@4.6.5/dist/index.umd.js:0
[     608ms] [ERROR] Refused to execute script from 'https://cdn.jsdelivr.net/npm/modern-screenshot@4.6.5/dist/index.umd.js' because its MIME type ('text/plain') is not executable, and strict MIME type checking is enabled. @ https://www.marketscoupons.com/admin:0
[     742ms] [VERBOSE] [DOM] Password field is not contained in a form: (More info: https://goo.gl/9p2vKq) %o @ https://www.marketscoupons.com/admin:0
[     743ms] [VERBOSE] [DOM] Password field is not contained in a form: (More info: https://goo.gl/9p2vKq) %o @ https://www.marketscoupons.com/admin:0
[     743ms] [VERBOSE] [DOM] Password field is not contained in a form: (More info: https://goo.gl/9p2vKq) %o @ https://www.marketscoupons.com/admin:0
[     743ms] [VERBOSE] [DOM] Password field is not contained in a form: (More info: https://goo.gl/9p2vKq) %o @ https://www.marketscoupons.com/admin:0
[   35430ms] [ERROR] Failed to load resource: the server responded with a status of 500 () @ https://qfwhduvutfumsaxnuofa.supabase.co/rest/v1/events?select=*&order=created_at.desc&limit=2000:0
[   65152ms] [ERROR] Failed to load resource: the server responded with a status of 500 () @ https://qfwhduvutfumsaxnuofa.supabase.co/rest/v1/events?select=*&order=created_at.desc&limit=2000:0
[   95410ms] [ERROR] Failed to load resource: the server responded with a status of 500 () @ https://qfwhduvutfumsaxnuofa.supabase.co/rest/v1/events?select=*&order=created_at.desc&limit=2000:0
[  125834ms] [ERROR] Failed to load resource: the server responded with a status of 500 () @ https://qfwhduvutfumsaxnuofa.supabase.co/rest/v1/events?select=*&order=created_at.desc&limit=2000:0
[  155729ms] [ERROR] Failed to load resource: the server responded with a status of 500 () @ https://qfwhduvutfumsaxnuofa.supabase.co/rest/v1/events?select=*&order=created_at.desc&limit=2000:0
[  185605ms] [ERROR] Failed to load resource: the server responded with a status of 500 () @ https://qfwhduvutfumsaxnuofa.supabase.co/rest/v1/events?select=*&order=created_at.desc&limit=2000:0
[  215536ms] [ERROR] Failed to load resource: the server responded with a status of 500 () @ https://qfwhduvutfumsaxnuofa.supabase.co/rest/v1/events?select=*&order=created_at.desc&limit=2000:0
[  245443ms] [ERROR] Failed to load resource: the server responded with a status of 500 () @ https://qfwhduvutfumsaxnuofa.supabase.co/rest/v1/events?select=*&order=created_at.desc&limit=2000:0
[  275395ms] [ERROR] Failed to load resource: the server responded with a status of 500 () @ https://qfwhduvutfumsaxnuofa.supabase.co/rest/v1/events?select=*&order=created_at.desc&limit=2000:0
[  305754ms] [ERROR] Failed to load resource: the server responded with a status of 500 () @ https://qfwhduvutfumsaxnuofa.supabase.co/rest/v1/events?select=*&order=created_at.desc&limit=2000:0
[  335021ms] [ERROR] Failed to load resource: the server responded with a status of 500 () @ https://qfwhduvutfumsaxnuofa.supabase.co/rest/v1/events?select=*&order=created_at.desc&limit=2000:0
[  365395ms] [ERROR] Failed to load resource: the server responded with a status of 500 () @ https://qfwhduvutfumsaxnuofa.supabase.co/rest/v1/events?select=*&order=created_at.desc&limit=2000:0
[  395248ms] [ERROR] Failed to load resource: the server responded with a status of 500 () @ https://qfwhduvutfumsaxnuofa.supabase.co/rest/v1/events?select=*&order=created_at.desc&limit=2000:0
[  425129ms] [ERROR] Failed to load resource: the server responded with a status of 500 () @ https://qfwhduvutfumsaxnuofa.supabase.co/rest/v1/events?select=*&order=created_at.desc&limit=2000:0
[  455403ms] [ERROR] Failed to load resource: the server responded with a status of 500 () @ https://qfwhduvutfumsaxnuofa.supabase.co/rest/v1/events?select=*&order=created_at.desc&limit=2000:0
[  485224ms] [ERROR] Failed to load resource: the server responded with a status of 500 () @ https://qfwhduvutfumsaxnuofa.supabase.co/rest/v1/events?select=*&order=created_at.desc&limit=2000:0
[  515967ms] [ERROR] Failed to load resource: the server responded with a status of 500 () @ https://qfwhduvutfumsaxnuofa.supabase.co/rest/v1/events?select=*&order=created_at.desc&limit=2000:0
[  545218ms] [ERROR] Failed to load resource: the server responded with a status of 500 () @ https://qfwhduvutfumsaxnuofa.supabase.co/rest/v1/events?select=*&order=created_at.desc&limit=2000:0
[  575588ms] [ERROR] Failed to load resource: the server responded with a status of 500 () @ https://qfwhduvutfumsaxnuofa.supabase.co/rest/v1/events?select=*&order=created_at.desc&limit=2000:0
[  605335ms] [ERROR] Failed to load resource: the server responded with a status of 500 () @ https://qfwhduvutfumsaxnuofa.supabase.co/rest/v1/events?select=*&order=created_at.desc&limit=2000:0
[  635539ms] [ERROR] Failed to load resource: the server responded with a status of 500 () @ https://qfwhduvutfumsaxnuofa.supabase.co/rest/v1/events?select=*&order=created_at.desc&limit=2000:0
[  665310ms] [ERROR] Failed to load resource: the server responded with a status of 500 () @ https://qfwhduvutfumsaxnuofa.supabase.co/rest/v1/events?select=*&order=created_at.desc&limit=2000:0
[  695416ms] [ERROR] Failed to load resource: the server responded with a status of 500 () @ https://qfwhduvutfumsaxnuofa.supabase.co/rest/v1/events?select=*&order=created_at.desc&limit=2000:0
[  725453ms] [ERROR] Failed to load resource: the server responded with a status of 500 () @ https://qfwhduvutfumsaxnuofa.supabase.co/rest/v1/events?select=*&order=created_at.desc&limit=2000:0
[  755536ms] [ERROR] Failed to load resource: the server responded with a status of 500 () @ https://qfwhduvutfumsaxnuofa.supabase.co/rest/v1/events?select=*&order=created_at.desc&limit=2000:0
[  785181ms] [ERROR] Failed to load resource: the server responded with a status of 500 () @ https://qfwhduvutfumsaxnuofa.supabase.co/rest/v1/events?select=*&order=created_at.desc&limit=2000:0
[  815408ms] [ERROR] Failed to load resource: the server responded with a status of 500 () @ https://qfwhduvutfumsaxnuofa.supabase.co/rest/v1/events?select=*&order=created_at.desc&limit=2000:0
[  845335ms] [ERROR] Failed to load resource: the server responded with a status of 500 () @ https://qfwhduvutfumsaxnuofa.supabase.co/rest/v1/events?select=*&order=created_at.desc&limit=2000:0
[  876468ms] [ERROR] Failed to load resource: the server responded with a status of 500 () @ https://qfwhduvutfumsaxnuofa.supabase.co/rest/v1/events?select=*&order=created_at.desc&limit=2000:0
[  905355ms] [ERROR] Failed to load resource: the server responded with a status of 500 () @ https://qfwhduvutfumsaxnuofa.supabase.co/rest/v1/events?select=*&order=created_at.desc&limit=2000:0
[  935479ms] [ERROR] Failed to load resource: the server responded with a status of 500 () @ https://qfwhduvutfumsaxnuofa.supabase.co/rest/v1/events?select=*&order=created_at.desc&limit=2000:0
[  965161ms] [ERROR] Failed to load resource: the server responded with a status of 500 () @ https://qfwhduvutfumsaxnuofa.supabase.co/rest/v1/events?select=*&order=created_at.desc&limit=2000:0
[  996339ms] [ERROR] Failed to load resource: the server responded with a status of 500 () @ https://qfwhduvutfumsaxnuofa.supabase.co/rest/v1/events?select=*&order=created_at.desc&limit=2000:0
[ 1025209ms] [ERROR] Failed to load resource: the server responded with a status of 500 () @ https://qfwhduvutfumsaxnuofa.supabase.co/rest/v1/events?select=*&order=created_at.desc&limit=2000:0
[ 1055588ms] [ERROR] Failed to load resource: the server responded with a status of 500 () @ https://qfwhduvutfumsaxnuofa.supabase.co/rest/v1/events?select=*&order=created_at.desc&limit=2000:0
[ 1085365ms] [ERROR] Failed to load resource: the server responded with a status of 500 () @ https://qfwhduvutfumsaxnuofa.supabase.co/rest/v1/events?select=*&order=created_at.desc&limit=2000:0
[ 1116342ms] [ERROR] Failed to load resource: the server responded with a status of 500 () @ https://qfwhduvutfumsaxnuofa.supabase.co/rest/v1/events?select=*&order=created_at.desc&limit=2000:0
[ 1145246ms] [ERROR] Failed to load resource: the server responded with a status of 500 () @ https://qfwhduvutfumsaxnuofa.supabase.co/rest/v1/events?select=*&order=created_at.desc&limit=2000:0
[ 1175953ms] [ERROR] Failed to load resource: the server responded with a status of 500 () @ https://qfwhduvutfumsaxnuofa.supabase.co/rest/v1/events?select=*&order=created_at.desc&limit=2000:0
[ 1206090ms] [ERROR] Failed to load resource: the server responded with a status of 500 () @ https://qfwhduvutfumsaxnuofa.supabase.co/rest/v1/events?select=*&order=created_at.desc&limit=2000:0
[ 1236476ms] [ERROR] Failed to load resource: the server responded with a status of 500 () @ https://qfwhduvutfumsaxnuofa.supabase.co/rest/v1/events?select=*&order=created_at.desc&limit=2000:0
[ 1265254ms] [ERROR] Failed to load resource: the server responded with a status of 500 () @ https://qfwhduvutfumsaxnuofa.supabase.co/rest/v1/events?select=*&order=created_at.desc&limit=2000:0
[ 1296185ms] [ERROR] Failed to load resource: the server responded with a status of 500 () @ https://qfwhduvutfumsaxnuofa.supabase.co/rest/v1/events?select=*&order=created_at.desc&limit=2000:0
[ 1325656ms] [ERROR] Failed to load resource: the server responded with a status of 500 () @ https://qfwhduvutfumsaxnuofa.supabase.co/rest/v1/events?select=*&order=created_at.desc&limit=2000:0
[ 1355647ms] [ERROR] Failed to load resource: the server responded with a status of 500 () @ https://qfwhduvutfumsaxnuofa.supabase.co/rest/v1/events?select=*&order=created_at.desc&limit=2000:0
[ 1385624ms] [ERROR] Failed to load resource: the server responded with a status of 500 () @ https://qfwhduvutfumsaxnuofa.supabase.co/rest/v1/events?select=*&order=created_at.desc&limit=2000:0
[ 1415650ms] [ERROR] Failed to load resource: the server responded with a status of 500 () @ https://qfwhduvutfumsaxnuofa.supabase.co/rest/v1/events?select=*&order=created_at.desc&limit=2000:0
[ 1445687ms] [ERROR] Failed to load resource: the server responded with a status of 500 () @ https://qfwhduvutfumsaxnuofa.supabase.co/rest/v1/events?select=*&order=created_at.desc&limit=2000:0
[ 1475877ms] [ERROR] Failed to load resource: the server responded with a status of 500 () @ https://qfwhduvutfumsaxnuofa.supabase.co/rest/v1/events?select=*&order=created_at.desc&limit=2000:0
[ 1505301ms] [ERROR] Failed to load resource: the server responded with a status of 500 () @ https://qfwhduvutfumsaxnuofa.supabase.co/rest/v1/events?select=*&order=created_at.desc&limit=2000:0
[ 1536457ms] [ERROR] Failed to load resource: the server responded with a status of 500 () @ https://qfwhduvutfumsaxnuofa.supabase.co/rest/v1/events?select=*&order=created_at.desc&limit=2000:0
[ 1565886ms] [ERROR] Failed to load resource: the server responded with a status of 500 () @ https://qfwhduvutfumsaxnuofa.supabase.co/rest/v1/events?select=*&order=created_at.desc&limit=2000:0
[ 1596361ms] [ERROR] Failed to load resource: the server responded with a status of 500 () @ https://qfwhduvutfumsaxnuofa.supabase.co/rest/v1/events?select=*&order=created_at.desc&limit=2000:0
[ 1625316ms] [ERROR] Failed to load resource: the server responded with a status of 500 () @ https://qfwhduvutfumsaxnuofa.supabase.co/rest/v1/events?select=*&order=created_at.desc&limit=2000:0
[ 1655359ms] [ERROR] Failed to load resource: the server responded with a status of 500 () @ https://qfwhduvutfumsaxnuofa.supabase.co/rest/v1/events?select=*&order=created_at.desc&limit=2000:0
[ 1686989ms] [ERROR] Failed to load resource: the server responded with a status of 500 () @ https://qfwhduvutfumsaxnuofa.supabase.co/rest/v1/events?select=*&order=created_at.desc&limit=2000:0
[ 1715971ms] [ERROR] Failed to load resource: the server responded with a status of 500 () @ https://qfwhduvutfumsaxnuofa.supabase.co/rest/v1/events?select=*&order=created_at.desc&limit=2000:0
[ 1745658ms] [ERROR] Failed to load resource: the server responded with a status of 500 () @ https://qfwhduvutfumsaxnuofa.supabase.co/rest/v1/events?select=*&order=created_at.desc&limit=2000:0
[ 1775565ms] [ERROR] Failed to load resource: the server responded with a status of 500 () @ https://qfwhduvutfumsaxnuofa.supabase.co/rest/v1/events?select=*&order=created_at.desc&limit=2000:0
[ 1805919ms] [ERROR] Failed to load resource: the server responded with a status of 500 () @ https://qfwhduvutfumsaxnuofa.supabase.co/rest/v1/events?select=*&order=created_at.desc&limit=2000:0
[ 1836018ms] [ERROR] Failed to load resource: the server responded with a status of 500 () @ https://qfwhduvutfumsaxnuofa.supabase.co/rest/v1/events?select=*&order=created_at.desc&limit=2000:0
[ 1865742ms] [ERROR] Failed to load resource: the server responded with a status of 500 () @ https://qfwhduvutfumsaxnuofa.supabase.co/rest/v1/events?select=*&order=created_at.desc&limit=2000:0
[ 1895664ms] [ERROR] Failed to load resource: the server responded with a status of 500 () @ https://qfwhduvutfumsaxnuofa.supabase.co/rest/v1/events?select=*&order=created_at.desc&limit=2000:0
[ 1926170ms] [ERROR] Failed to load resource: the server responded with a status of 500 () @ https://qfwhduvutfumsaxnuofa.supabase.co/rest/v1/events?select=*&order=created_at.desc&limit=2000:0
[ 1955337ms] [ERROR] Failed to load resource: the server responded with a status of 500 () @ https://qfwhduvutfumsaxnuofa.supabase.co/rest/v1/events?select=*&order=created_at.desc&limit=2000:0
[ 1985584ms] [ERROR] Failed to load resource: the server responded with a status of 500 () @ https://qfwhduvutfumsaxnuofa.supabase.co/rest/v1/events?select=*&order=created_at.desc&limit=2000:0
[ 2015344ms] [ERROR] Failed to load resource: the server responded with a status of 500 () @ https://qfwhduvutfumsaxnuofa.supabase.co/rest/v1/events?select=*&order=created_at.desc&limit=2000:0
[ 2045510ms] [ERROR] Failed to load resource: the server responded with a status of 500 () @ https://qfwhduvutfumsaxnuofa.supabase.co/rest/v1/events?select=*&order=created_at.desc&limit=2000:0
[ 2075280ms] [ERROR] Failed to load resource: the server responded with a status of 500 () @ https://qfwhduvutfumsaxnuofa.supabase.co/rest/v1/events?select=*&order=created_at.desc&limit=2000:0
[ 2105758ms] [ERROR] Failed to load resource: the server responded with a status of 500 () @ https://qfwhduvutfumsaxnuofa.supabase.co/rest/v1/events?select=*&order=created_at.desc&limit=2000:0
[ 2135777ms] [ERROR] Failed to load resource: the server responded with a status of 500 () @ https://qfwhduvutfumsaxnuofa.supabase.co/rest/v1/events?select=*&order=created_at.desc&limit=2000:0
[ 2165565ms] [ERROR] Failed to load resource: the server responded with a status of 500 () @ https://qfwhduvutfumsaxnuofa.supabase.co/rest/v1/events?select=*&order=created_at.desc&limit=2000:0
[ 2195856ms] [ERROR] Failed to load resource: the server responded with a status of 500 () @ https://qfwhduvutfumsaxnuofa.supabase.co/rest/v1/events?select=*&order=created_at.desc&limit=2000:0
[ 2225193ms] [ERROR] Failed to load resource: the server responded with a status of 500 () @ https://qfwhduvutfumsaxnuofa.supabase.co/rest/v1/events?select=*&order=created_at.desc&limit=2000:0
[ 2255605ms] [ERROR] Failed to load resource: the server responded with a status of 500 () @ https://qfwhduvutfumsaxnuofa.supabase.co/rest/v1/events?select=*&order=created_at.desc&limit=2000:0
[ 2285706ms] [ERROR] Failed to load resource: the server responded with a status of 500 () @ https://qfwhduvutfumsaxnuofa.supabase.co/rest/v1/events?select=*&order=created_at.desc&limit=2000:0
[ 2315530ms] [ERROR] Failed to load resource: the server responded with a status of 500 () @ https://qfwhduvutfumsaxnuofa.supabase.co/rest/v1/events?select=*&order=created_at.desc&limit=2000:0
[ 2345102ms] [ERROR] Failed to load resource: the server responded with a status of 500 () @ https://qfwhduvutfumsaxnuofa.supabase.co/rest/v1/events?select=*&order=created_at.desc&limit=2000:0
[ 2375610ms] [ERROR] Failed to load resource: the server responded with a status of 500 () @ https://qfwhduvutfumsaxnuofa.supabase.co/rest/v1/events?select=*&order=created_at.desc&limit=2000:0
[ 2405960ms] [ERROR] Failed to load resource: the server responded with a status of 500 () @ https://qfwhduvutfumsaxnuofa.supabase.co/rest/v1/events?select=*&order=created_at.desc&limit=2000:0
[ 2435788ms] [ERROR] Failed to load resource: the server responded with a status of 500 () @ https://qfwhduvutfumsaxnuofa.supabase.co/rest/v1/events?select=*&order=created_at.desc&limit=2000:0
[ 2465491ms] [ERROR] Failed to load resource: the server responded with a status of 500 () @ https://qfwhduvutfumsaxnuofa.supabase.co/rest/v1/events?select=*&order=created_at.desc&limit=2000:0
[ 2495687ms] [ERROR] Failed to load resource: the server responded with a status of 500 () @ https://qfwhduvutfumsaxnuofa.supabase.co/rest/v1/events?select=*&order=created_at.desc&limit=2000:0
[ 2525621ms] [ERROR] Failed to load resource: the server responded with a status of 500 () @ https://qfwhduvutfumsaxnuofa.supabase.co/rest/v1/events?select=*&order=created_at.desc&limit=2000:0
